{"/Users/louisegriffin/Development/MysticOracle/server/src/test-email.ts": {"path":"/Users/louisegriffin/Development/MysticOracle/server/src/test-email.ts","statementMap":{"0":{"start":{"line":11,"column":0},"end":{"line":11,"column":null}},"1":{"start":{"line":13,"column":0},"end":{"line":13,"column":null}},"2":{"start":{"line":17,"column":21},"end":{"line":17,"column":null}},"3":{"start":{"line":19,"column":2},"end":{"line":22,"column":null}},"4":{"start":{"line":20,"column":4},"end":{"line":20,"column":null}},"5":{"start":{"line":21,"column":4},"end":{"line":21,"column":null}},"6":{"start":{"line":25,"column":57},"end":{"line":25,"column":null}},"7":{"start":{"line":27,"column":2},"end":{"line":27,"column":null}},"8":{"start":{"line":30,"column":2},"end":{"line":30,"column":null}},"9":{"start":{"line":31,"column":24},"end":{"line":31,"column":null}},"10":{"start":{"line":32,"column":2},"end":{"line":32,"column":null}},"11":{"start":{"line":35,"column":2},"end":{"line":35,"column":null}},"12":{"start":{"line":36,"column":25},"end":{"line":43,"column":null}},"13":{"start":{"line":44,"column":2},"end":{"line":44,"column":null}},"14":{"start":{"line":46,"column":2},"end":{"line":46,"column":null}},"15":{"start":{"line":49,"column":0},"end":{"line":49,"column":null}}},"fnMap":{"0":{"name":"main","decl":{"start":{"line":16,"column":15},"end":{"line":16,"column":22}},"loc":{"start":{"line":16,"column":22},"end":{"line":47,"column":null}},"line":16}},"branchMap":{"0":{"loc":{"start":{"line":13,"column":37},"end":{"line":13,"column":140}},"type":"cond-expr","locations":[{"start":{"line":13,"column":65},"end":{"line":13,"column":136}},{"start":{"line":13,"column":136},"end":{"line":13,"column":140}}],"line":13},"1":{"loc":{"start":{"line":19,"column":2},"end":{"line":22,"column":null}},"type":"if","locations":[{"start":{"line":19,"column":2},"end":{"line":22,"column":null}},{"start":{},"end":{}}],"line":19},"2":{"loc":{"start":{"line":32,"column":14},"end":{"line":32,"column":86}},"type":"cond-expr","locations":[{"start":{"line":32,"column":30},"end":{"line":32,"column":59}},{"start":{"line":32,"column":59},"end":{"line":32,"column":86}}],"line":32},"3":{"loc":{"start":{"line":44,"column":14},"end":{"line":44,"column":89}},"type":"cond-expr","locations":[{"start":{"line":44,"column":31},"end":{"line":44,"column":61}},{"start":{"line":44,"column":61},"end":{"line":44,"column":89}}],"line":44}},"s":{"0":0,"1":0,"2":0,"3":0,"4":0,"5":0,"6":0,"7":0,"8":0,"9":0,"10":0,"11":0,"12":0,"13":0,"14":0,"15":0},"f":{"0":0},"b":{"0":[0,0],"1":[0,0],"2":[0,0],"3":[0,0]},"meta":{"lastBranch":4,"lastFunction":1,"lastStatement":16,"seen":{"s:11:0:11:Infinity":0,"s:13:0:13:Infinity":1,"b:13:65:13:136:13:136:13:140":0,"f:16:15:16:22":0,"s:17:21:17:Infinity":2,"b:19:2:22:Infinity:undefined:undefined:undefined:undefined":1,"s:19:2:22:Infinity":3,"s:20:4:20:Infinity":4,"s:21:4:21:Infinity":5,"s:25:57:25:Infinity":6,"s:27:2:27:Infinity":7,"s:30:2:30:Infinity":8,"s:31:24:31:Infinity":9,"s:32:2:32:Infinity":10,"b:32:30:32:59:32:59:32:86":2,"s:35:2:35:Infinity":11,"s:36:25:43:Infinity":12,"s:44:2:44:Infinity":13,"b:44:31:44:61:44:61:44:89":3,"s:46:2:46:Infinity":14,"s:49:0:49:Infinity":15}}}
,"/Users/louisegriffin/Development/MysticOracle/server/src/application/ports/repositories/IAuditLogRepository.ts": {"path":"/Users/louisegriffin/Development/MysticOracle/server/src/application/ports/repositories/IAuditLogRepository.ts","statementMap":{},"fnMap":{},"branchMap":{},"s":{},"f":{},"b":{},"meta":{"lastBranch":0,"lastFunction":0,"lastStatement":0,"seen":{}}}
,"/Users/louisegriffin/Development/MysticOracle/server/src/application/ports/repositories/ICacheVersionRepository.ts": {"path":"/Users/louisegriffin/Development/MysticOracle/server/src/application/ports/repositories/ICacheVersionRepository.ts","statementMap":{},"fnMap":{},"branchMap":{},"s":{},"f":{},"b":{},"meta":{"lastBranch":0,"lastFunction":0,"lastStatement":0,"seen":{}}}
,"/Users/louisegriffin/Development/MysticOracle/server/src/application/ports/repositories/ICreditPackageRepository.ts": {"path":"/Users/louisegriffin/Development/MysticOracle/server/src/application/ports/repositories/ICreditPackageRepository.ts","statementMap":{},"fnMap":{},"branchMap":{},"s":{},"f":{},"b":{},"meta":{"lastBranch":0,"lastFunction":0,"lastStatement":0,"seen":{}}}
,"/Users/louisegriffin/Development/MysticOracle/server/src/application/ports/repositories/IEmailTemplateRepository.ts": {"path":"/Users/louisegriffin/Development/MysticOracle/server/src/application/ports/repositories/IEmailTemplateRepository.ts","statementMap":{},"fnMap":{},"branchMap":{},"s":{},"f":{},"b":{},"meta":{"lastBranch":0,"lastFunction":0,"lastStatement":0,"seen":{}}}
,"/Users/louisegriffin/Development/MysticOracle/server/src/application/ports/repositories/IHoroscopeCacheRepository.ts": {"path":"/Users/louisegriffin/Development/MysticOracle/server/src/application/ports/repositories/IHoroscopeCacheRepository.ts","statementMap":{},"fnMap":{},"branchMap":{},"s":{},"f":{},"b":{},"meta":{"lastBranch":0,"lastFunction":0,"lastStatement":0,"seen":{}}}
,"/Users/louisegriffin/Development/MysticOracle/server/src/application/ports/repositories/IReadingCardRepository.ts": {"path":"/Users/louisegriffin/Development/MysticOracle/server/src/application/ports/repositories/IReadingCardRepository.ts","statementMap":{},"fnMap":{},"branchMap":{},"s":{},"f":{},"b":{},"meta":{"lastBranch":0,"lastFunction":0,"lastStatement":0,"seen":{}}}
,"/Users/louisegriffin/Development/MysticOracle/server/src/application/ports/repositories/IReadingRepository.ts": {"path":"/Users/louisegriffin/Development/MysticOracle/server/src/application/ports/repositories/IReadingRepository.ts","statementMap":{},"fnMap":{},"branchMap":{},"s":{},"f":{},"b":{},"meta":{"lastBranch":0,"lastFunction":0,"lastStatement":0,"seen":{}}}
,"/Users/louisegriffin/Development/MysticOracle/server/src/application/ports/repositories/ISystemSettingRepository.ts": {"path":"/Users/louisegriffin/Development/MysticOracle/server/src/application/ports/repositories/ISystemSettingRepository.ts","statementMap":{},"fnMap":{},"branchMap":{},"s":{},"f":{},"b":{},"meta":{"lastBranch":0,"lastFunction":0,"lastStatement":0,"seen":{}}}
,"/Users/louisegriffin/Development/MysticOracle/server/src/application/ports/repositories/ITransactionRepository.ts": {"path":"/Users/louisegriffin/Development/MysticOracle/server/src/application/ports/repositories/ITransactionRepository.ts","statementMap":{},"fnMap":{},"branchMap":{},"s":{},"f":{},"b":{},"meta":{"lastBranch":0,"lastFunction":0,"lastStatement":0,"seen":{}}}
,"/Users/louisegriffin/Development/MysticOracle/server/src/application/ports/repositories/IUserRepository.ts": {"path":"/Users/louisegriffin/Development/MysticOracle/server/src/application/ports/repositories/IUserRepository.ts","statementMap":{},"fnMap":{},"branchMap":{},"s":{},"f":{},"b":{},"meta":{"lastBranch":0,"lastFunction":0,"lastStatement":0,"seen":{}}}
,"/Users/louisegriffin/Development/MysticOracle/server/src/application/ports/repositories/index.ts": {"path":"/Users/louisegriffin/Development/MysticOracle/server/src/application/ports/repositories/index.ts","statementMap":{},"fnMap":{},"branchMap":{},"s":{},"f":{},"b":{},"meta":{"lastBranch":0,"lastFunction":0,"lastStatement":0,"seen":{}}}
,"/Users/louisegriffin/Development/MysticOracle/server/src/application/ports/services/IPaymentGateway.ts": {"path":"/Users/louisegriffin/Development/MysticOracle/server/src/application/ports/services/IPaymentGateway.ts","statementMap":{},"fnMap":{},"branchMap":{},"s":{},"f":{},"b":{},"meta":{"lastBranch":0,"lastFunction":0,"lastStatement":0,"seen":{}}}
,"/Users/louisegriffin/Development/MysticOracle/server/src/application/ports/services/index.ts": {"path":"/Users/louisegriffin/Development/MysticOracle/server/src/application/ports/services/index.ts","statementMap":{},"fnMap":{},"branchMap":{},"s":{},"f":{},"b":{},"meta":{"lastBranch":0,"lastFunction":0,"lastStatement":0,"seen":{}}}
,"/Users/louisegriffin/Development/MysticOracle/server/src/application/use-cases/admin/index.ts": {"path":"/Users/louisegriffin/Development/MysticOracle/server/src/application/use-cases/admin/index.ts","statementMap":{},"fnMap":{},"branchMap":{},"s":{},"f":{},"b":{},"meta":{"lastBranch":0,"lastFunction":0,"lastStatement":0,"seen":{}}}
,"/Users/louisegriffin/Development/MysticOracle/server/src/application/use-cases/admin/packages/CreatePackage.ts": {"path":"/Users/louisegriffin/Development/MysticOracle/server/src/application/use-cases/admin/packages/CreatePackage.ts","statementMap":{"0":{"start":{"line":32,"column":22},"end":{"line":32,"column":67}},"1":{"start":{"line":35,"column":4},"end":{"line":67,"column":null}},"2":{"start":{"line":37,"column":6},"end":{"line":39,"column":null}},"3":{"start":{"line":38,"column":8},"end":{"line":38,"column":null}},"4":{"start":{"line":40,"column":6},"end":{"line":42,"column":null}},"5":{"start":{"line":41,"column":8},"end":{"line":41,"column":null}},"6":{"start":{"line":43,"column":6},"end":{"line":45,"column":null}},"7":{"start":{"line":44,"column":8},"end":{"line":44,"column":null}},"8":{"start":{"line":47,"column":18},"end":{"line":58,"column":null}},"9":{"start":{"line":60,"column":6},"end":{"line":60,"column":null}},"10":{"start":{"line":62,"column":6},"end":{"line":62,"column":null}},"11":{"start":{"line":63,"column":6},"end":{"line":66,"column":null}}},"fnMap":{"0":{"name":"(anonymous_0)","decl":{"start":{"line":32,"column":2},"end":{"line":32,"column":22}},"loc":{"start":{"line":32,"column":67},"end":{"line":32,"column":null}},"line":32},"1":{"name":"(anonymous_1)","decl":{"start":{"line":34,"column":8},"end":{"line":34,"column":16}},"loc":{"start":{"line":34,"column":73},"end":{"line":68,"column":null}},"line":34}},"branchMap":{"0":{"loc":{"start":{"line":37,"column":6},"end":{"line":39,"column":null}},"type":"if","locations":[{"start":{"line":37,"column":6},"end":{"line":39,"column":null}},{"start":{},"end":{}}],"line":37},"1":{"loc":{"start":{"line":40,"column":6},"end":{"line":42,"column":null}},"type":"if","locations":[{"start":{"line":40,"column":6},"end":{"line":42,"column":null}},{"start":{},"end":{}}],"line":40},"2":{"loc":{"start":{"line":43,"column":6},"end":{"line":45,"column":null}},"type":"if","locations":[{"start":{"line":43,"column":6},"end":{"line":45,"column":null}},{"start":{},"end":{}}],"line":43},"3":{"loc":{"start":{"line":43,"column":10},"end":{"line":43,"column":54}},"type":"binary-expr","locations":[{"start":{"line":43,"column":10},"end":{"line":43,"column":32}},{"start":{"line":43,"column":32},"end":{"line":43,"column":54}}],"line":43},"4":{"loc":{"start":{"line":57,"column":18},"end":{"line":57,"column":null}},"type":"binary-expr","locations":[{"start":{"line":57,"column":18},"end":{"line":57,"column":36}},{"start":{"line":57,"column":36},"end":{"line":57,"column":null}}],"line":57},"5":{"loc":{"start":{"line":65,"column":15},"end":{"line":65,"column":null}},"type":"cond-expr","locations":[{"start":{"line":65,"column":40},"end":{"line":65,"column":56}},{"start":{"line":65,"column":56},"end":{"line":65,"column":null}}],"line":65}},"s":{"0":0,"1":0,"2":0,"3":0,"4":0,"5":0,"6":0,"7":0,"8":0,"9":0,"10":0,"11":0},"f":{"0":0,"1":0},"b":{"0":[0,0],"1":[0,0],"2":[0,0],"3":[0,0],"4":[0,0],"5":[0,0]},"meta":{"lastBranch":6,"lastFunction":2,"lastStatement":12,"seen":{"f:32:2:32:22":0,"s:32:22:32:67":0,"f:34:8:34:16":1,"s:35:4:67:Infinity":1,"b:37:6:39:Infinity:undefined:undefined:undefined:undefined":0,"s:37:6:39:Infinity":2,"s:38:8:38:Infinity":3,"b:40:6:42:Infinity:undefined:undefined:undefined:undefined":1,"s:40:6:42:Infinity":4,"s:41:8:41:Infinity":5,"b:43:6:45:Infinity:undefined:undefined:undefined:undefined":2,"s:43:6:45:Infinity":6,"b:43:10:43:32:43:32:43:54":3,"s:44:8:44:Infinity":7,"s:47:18:58:Infinity":8,"b:57:18:57:36:57:36:57:Infinity":4,"s:60:6:60:Infinity":9,"s:62:6:62:Infinity":10,"s:63:6:66:Infinity":11,"b:65:40:65:56:65:56:65:Infinity":5}}}
,"/Users/louisegriffin/Development/MysticOracle/server/src/application/use-cases/admin/packages/DeletePackage.ts": {"path":"/Users/louisegriffin/Development/MysticOracle/server/src/application/use-cases/admin/packages/DeletePackage.ts","statementMap":{"0":{"start":{"line":18,"column":22},"end":{"line":18,"column":67}},"1":{"start":{"line":21,"column":4},"end":{"line":37,"column":null}},"2":{"start":{"line":23,"column":23},"end":{"line":23,"column":null}},"3":{"start":{"line":24,"column":6},"end":{"line":26,"column":null}},"4":{"start":{"line":25,"column":8},"end":{"line":25,"column":null}},"5":{"start":{"line":28,"column":6},"end":{"line":28,"column":null}},"6":{"start":{"line":30,"column":6},"end":{"line":30,"column":null}},"7":{"start":{"line":32,"column":6},"end":{"line":32,"column":null}},"8":{"start":{"line":33,"column":6},"end":{"line":36,"column":null}}},"fnMap":{"0":{"name":"(anonymous_0)","decl":{"start":{"line":18,"column":2},"end":{"line":18,"column":22}},"loc":{"start":{"line":18,"column":67},"end":{"line":18,"column":null}},"line":18},"1":{"name":"(anonymous_1)","decl":{"start":{"line":20,"column":8},"end":{"line":20,"column":16}},"loc":{"start":{"line":20,"column":73},"end":{"line":38,"column":null}},"line":20}},"branchMap":{"0":{"loc":{"start":{"line":24,"column":6},"end":{"line":26,"column":null}},"type":"if","locations":[{"start":{"line":24,"column":6},"end":{"line":26,"column":null}},{"start":{},"end":{}}],"line":24},"1":{"loc":{"start":{"line":35,"column":15},"end":{"line":35,"column":null}},"type":"cond-expr","locations":[{"start":{"line":35,"column":40},"end":{"line":35,"column":56}},{"start":{"line":35,"column":56},"end":{"line":35,"column":null}}],"line":35}},"s":{"0":0,"1":0,"2":0,"3":0,"4":0,"5":0,"6":0,"7":0,"8":0},"f":{"0":0,"1":0},"b":{"0":[0,0],"1":[0,0]},"meta":{"lastBranch":2,"lastFunction":2,"lastStatement":9,"seen":{"f:18:2:18:22":0,"s:18:22:18:67":0,"f:20:8:20:16":1,"s:21:4:37:Infinity":1,"s:23:23:23:Infinity":2,"b:24:6:26:Infinity:undefined:undefined:undefined:undefined":0,"s:24:6:26:Infinity":3,"s:25:8:25:Infinity":4,"s:28:6:28:Infinity":5,"s:30:6:30:Infinity":6,"s:32:6:32:Infinity":7,"s:33:6:36:Infinity":8,"b:35:40:35:56:35:56:35:Infinity":1}}}
,"/Users/louisegriffin/Development/MysticOracle/server/src/application/use-cases/admin/packages/ListPackages.ts": {"path":"/Users/louisegriffin/Development/MysticOracle/server/src/application/use-cases/admin/packages/ListPackages.ts","statementMap":{"0":{"start":{"line":14,"column":22},"end":{"line":14,"column":67}},"1":{"start":{"line":17,"column":21},"end":{"line":17,"column":null}},"2":{"start":{"line":18,"column":4},"end":{"line":18,"column":null}}},"fnMap":{"0":{"name":"(anonymous_0)","decl":{"start":{"line":14,"column":2},"end":{"line":14,"column":22}},"loc":{"start":{"line":14,"column":67},"end":{"line":14,"column":null}},"line":14},"1":{"name":"(anonymous_1)","decl":{"start":{"line":16,"column":8},"end":{"line":16,"column":47}},"loc":{"start":{"line":16,"column":47},"end":{"line":19,"column":null}},"line":16}},"branchMap":{},"s":{"0":0,"1":0,"2":0},"f":{"0":0,"1":0},"b":{},"meta":{"lastBranch":0,"lastFunction":2,"lastStatement":3,"seen":{"f:14:2:14:22":0,"s:14:22:14:67":0,"f:16:8:16:47":1,"s:17:21:17:Infinity":1,"s:18:4:18:Infinity":2}}}
,"/Users/louisegriffin/Development/MysticOracle/server/src/application/use-cases/admin/packages/SeedPackages.ts": {"path":"/Users/louisegriffin/Development/MysticOracle/server/src/application/use-cases/admin/packages/SeedPackages.ts","statementMap":{"0":{"start":{"line":18,"column":22},"end":{"line":18,"column":67}},"1":{"start":{"line":21,"column":4},"end":{"line":50,"column":null}},"2":{"start":{"line":23,"column":23},"end":{"line":23,"column":null}},"3":{"start":{"line":24,"column":6},"end":{"line":29,"column":null}},"4":{"start":{"line":25,"column":8},"end":{"line":28,"column":null}},"5":{"start":{"line":32,"column":6},"end":{"line":34,"column":null}},"6":{"start":{"line":33,"column":39},"end":{"line":33,"column":66}},"7":{"start":{"line":37,"column":23},"end":{"line":37,"column":null}},"8":{"start":{"line":39,"column":6},"end":{"line":43,"column":null}},"9":{"start":{"line":45,"column":6},"end":{"line":45,"column":null}},"10":{"start":{"line":46,"column":6},"end":{"line":49,"column":null}}},"fnMap":{"0":{"name":"(anonymous_0)","decl":{"start":{"line":18,"column":2},"end":{"line":18,"column":22}},"loc":{"start":{"line":18,"column":67},"end":{"line":18,"column":null}},"line":18},"1":{"name":"(anonymous_1)","decl":{"start":{"line":20,"column":8},"end":{"line":20,"column":47}},"loc":{"start":{"line":20,"column":47},"end":{"line":51,"column":null}},"line":20},"2":{"name":"(anonymous_2)","decl":{"start":{"line":33,"column":29},"end":{"line":33,"column":30}},"loc":{"start":{"line":33,"column":39},"end":{"line":33,"column":66}},"line":33}},"branchMap":{"0":{"loc":{"start":{"line":24,"column":6},"end":{"line":29,"column":null}},"type":"if","locations":[{"start":{"line":24,"column":6},"end":{"line":29,"column":null}},{"start":{},"end":{}}],"line":24},"1":{"loc":{"start":{"line":48,"column":15},"end":{"line":48,"column":null}},"type":"cond-expr","locations":[{"start":{"line":48,"column":40},"end":{"line":48,"column":56}},{"start":{"line":48,"column":56},"end":{"line":48,"column":null}}],"line":48}},"s":{"0":0,"1":0,"2":0,"3":0,"4":0,"5":0,"6":0,"7":0,"8":0,"9":0,"10":0},"f":{"0":0,"1":0,"2":0},"b":{"0":[0,0],"1":[0,0]},"meta":{"lastBranch":2,"lastFunction":3,"lastStatement":11,"seen":{"f:18:2:18:22":0,"s:18:22:18:67":0,"f:20:8:20:47":1,"s:21:4:50:Infinity":1,"s:23:23:23:Infinity":2,"b:24:6:29:Infinity:undefined:undefined:undefined:undefined":0,"s:24:6:29:Infinity":3,"s:25:8:28:Infinity":4,"s:32:6:34:Infinity":5,"f:33:29:33:30":2,"s:33:39:33:66":6,"s:37:23:37:Infinity":7,"s:39:6:43:Infinity":8,"s:45:6:45:Infinity":9,"s:46:6:49:Infinity":10,"b:48:40:48:56:48:56:48:Infinity":1}}}
,"/Users/louisegriffin/Development/MysticOracle/server/src/application/use-cases/admin/packages/UpdatePackage.ts": {"path":"/Users/louisegriffin/Development/MysticOracle/server/src/application/use-cases/admin/packages/UpdatePackage.ts","statementMap":{"0":{"start":{"line":33,"column":22},"end":{"line":33,"column":67}},"1":{"start":{"line":36,"column":4},"end":{"line":64,"column":null}},"2":{"start":{"line":38,"column":23},"end":{"line":38,"column":null}},"3":{"start":{"line":39,"column":6},"end":{"line":41,"column":null}},"4":{"start":{"line":40,"column":8},"end":{"line":40,"column":null}},"5":{"start":{"line":44,"column":6},"end":{"line":46,"column":null}},"6":{"start":{"line":45,"column":8},"end":{"line":45,"column":null}},"7":{"start":{"line":47,"column":6},"end":{"line":49,"column":null}},"8":{"start":{"line":48,"column":8},"end":{"line":48,"column":null}},"9":{"start":{"line":50,"column":6},"end":{"line":52,"column":null}},"10":{"start":{"line":51,"column":8},"end":{"line":51,"column":null}},"11":{"start":{"line":54,"column":30},"end":{"line":54,"column":null}},"12":{"start":{"line":55,"column":18},"end":{"line":55,"column":null}},"13":{"start":{"line":57,"column":6},"end":{"line":57,"column":null}},"14":{"start":{"line":59,"column":6},"end":{"line":59,"column":null}},"15":{"start":{"line":60,"column":6},"end":{"line":63,"column":null}}},"fnMap":{"0":{"name":"(anonymous_0)","decl":{"start":{"line":33,"column":2},"end":{"line":33,"column":22}},"loc":{"start":{"line":33,"column":67},"end":{"line":33,"column":null}},"line":33},"1":{"name":"(anonymous_1)","decl":{"start":{"line":35,"column":8},"end":{"line":35,"column":16}},"loc":{"start":{"line":35,"column":73},"end":{"line":65,"column":null}},"line":35}},"branchMap":{"0":{"loc":{"start":{"line":39,"column":6},"end":{"line":41,"column":null}},"type":"if","locations":[{"start":{"line":39,"column":6},"end":{"line":41,"column":null}},{"start":{},"end":{}}],"line":39},"1":{"loc":{"start":{"line":44,"column":6},"end":{"line":46,"column":null}},"type":"if","locations":[{"start":{"line":44,"column":6},"end":{"line":46,"column":null}},{"start":{},"end":{}}],"line":44},"2":{"loc":{"start":{"line":44,"column":10},"end":{"line":44,"column":61}},"type":"binary-expr","locations":[{"start":{"line":44,"column":10},"end":{"line":44,"column":41}},{"start":{"line":44,"column":41},"end":{"line":44,"column":61}}],"line":44},"3":{"loc":{"start":{"line":47,"column":6},"end":{"line":49,"column":null}},"type":"if","locations":[{"start":{"line":47,"column":6},"end":{"line":49,"column":null}},{"start":{},"end":{}}],"line":47},"4":{"loc":{"start":{"line":47,"column":10},"end":{"line":47,"column":63}},"type":"binary-expr","locations":[{"start":{"line":47,"column":10},"end":{"line":47,"column":42}},{"start":{"line":47,"column":42},"end":{"line":47,"column":63}}],"line":47},"5":{"loc":{"start":{"line":50,"column":6},"end":{"line":52,"column":null}},"type":"if","locations":[{"start":{"line":50,"column":6},"end":{"line":52,"column":null}},{"start":{},"end":{}}],"line":50},"6":{"loc":{"start":{"line":50,"column":10},"end":{"line":50,"column":88}},"type":"binary-expr","locations":[{"start":{"line":50,"column":10},"end":{"line":50,"column":43}},{"start":{"line":50,"column":43},"end":{"line":50,"column":65}},{"start":{"line":50,"column":65},"end":{"line":50,"column":88}}],"line":50},"7":{"loc":{"start":{"line":62,"column":15},"end":{"line":62,"column":null}},"type":"cond-expr","locations":[{"start":{"line":62,"column":40},"end":{"line":62,"column":56}},{"start":{"line":62,"column":56},"end":{"line":62,"column":null}}],"line":62}},"s":{"0":0,"1":0,"2":0,"3":0,"4":0,"5":0,"6":0,"7":0,"8":0,"9":0,"10":0,"11":0,"12":0,"13":0,"14":0,"15":0},"f":{"0":0,"1":0},"b":{"0":[0,0],"1":[0,0],"2":[0,0],"3":[0,0],"4":[0,0],"5":[0,0],"6":[0,0,0],"7":[0,0]},"meta":{"lastBranch":8,"lastFunction":2,"lastStatement":16,"seen":{"f:33:2:33:22":0,"s:33:22:33:67":0,"f:35:8:35:16":1,"s:36:4:64:Infinity":1,"s:38:23:38:Infinity":2,"b:39:6:41:Infinity:undefined:undefined:undefined:undefined":0,"s:39:6:41:Infinity":3,"s:40:8:40:Infinity":4,"b:44:6:46:Infinity:undefined:undefined:undefined:undefined":1,"s:44:6:46:Infinity":5,"b:44:10:44:41:44:41:44:61":2,"s:45:8:45:Infinity":6,"b:47:6:49:Infinity:undefined:undefined:undefined:undefined":3,"s:47:6:49:Infinity":7,"b:47:10:47:42:47:42:47:63":4,"s:48:8:48:Infinity":8,"b:50:6:52:Infinity:undefined:undefined:undefined:undefined":5,"s:50:6:52:Infinity":9,"b:50:10:50:43:50:43:50:65:50:65:50:88":6,"s:51:8:51:Infinity":10,"s:54:30:54:Infinity":11,"s:55:18:55:Infinity":12,"s:57:6:57:Infinity":13,"s:59:6:59:Infinity":14,"s:60:6:63:Infinity":15,"b:62:40:62:56:62:56:62:Infinity":7}}}
,"/Users/louisegriffin/Development/MysticOracle/server/src/application/use-cases/admin/packages/index.ts": {"path":"/Users/louisegriffin/Development/MysticOracle/server/src/application/use-cases/admin/packages/index.ts","statementMap":{},"fnMap":{},"branchMap":{},"s":{},"f":{},"b":{},"meta":{"lastBranch":0,"lastFunction":0,"lastStatement":0,"seen":{}}}
,"/Users/louisegriffin/Development/MysticOracle/server/src/application/use-cases/admin/settings/GetSettings.ts": {"path":"/Users/louisegriffin/Development/MysticOracle/server/src/application/use-cases/admin/settings/GetSettings.ts","statementMap":{"0":{"start":{"line":24,"column":22},"end":{"line":24,"column":67}},"1":{"start":{"line":27,"column":23},"end":{"line":27,"column":null}},"2":{"start":{"line":28,"column":24},"end":{"line":28,"column":null}},"3":{"start":{"line":28,"column":54},"end":{"line":28,"column":64}},"4":{"start":{"line":30,"column":21},"end":{"line":44,"column":null}},"5":{"start":{"line":31,"column":24},"end":{"line":31,"column":null}},"6":{"start":{"line":32,"column":23},"end":{"line":32,"column":null}},"7":{"start":{"line":33,"column":20},"end":{"line":33,"column":null}},"8":{"start":{"line":35,"column":6},"end":{"line":43,"column":null}},"9":{"start":{"line":46,"column":4},"end":{"line":46,"column":null}}},"fnMap":{"0":{"name":"(anonymous_0)","decl":{"start":{"line":24,"column":2},"end":{"line":24,"column":22}},"loc":{"start":{"line":24,"column":67},"end":{"line":24,"column":null}},"line":24},"1":{"name":"(anonymous_1)","decl":{"start":{"line":26,"column":8},"end":{"line":26,"column":46}},"loc":{"start":{"line":26,"column":46},"end":{"line":47,"column":null}},"line":26},"2":{"name":"(anonymous_2)","decl":{"start":{"line":28,"column":47},"end":{"line":28,"column":48}},"loc":{"start":{"line":28,"column":54},"end":{"line":28,"column":64}},"line":28},"3":{"name":"(anonymous_3)","decl":{"start":{"line":30,"column":43},"end":{"line":30,"column":44}},"loc":{"start":{"line":30,"column":56},"end":{"line":44,"column":5}},"line":30}},"branchMap":{"0":{"loc":{"start":{"line":33,"column":20},"end":{"line":33,"column":null}},"type":"binary-expr","locations":[{"start":{"line":33,"column":20},"end":{"line":33,"column":40}},{"start":{"line":33,"column":40},"end":{"line":33,"column":52}},{"start":{"line":33,"column":52},"end":{"line":33,"column":null}}],"line":33},"1":{"loc":{"start":{"line":37,"column":15},"end":{"line":37,"column":null}},"type":"cond-expr","locations":[{"start":{"line":37,"column":43},"end":{"line":37,"column":74}},{"start":{"line":37,"column":74},"end":{"line":37,"column":null}}],"line":37},"2":{"loc":{"start":{"line":37,"column":15},"end":{"line":37,"column":43}},"type":"binary-expr","locations":[{"start":{"line":37,"column":15},"end":{"line":37,"column":35}},{"start":{"line":37,"column":35},"end":{"line":37,"column":43}}],"line":37},"3":{"loc":{"start":{"line":40,"column":16},"end":{"line":40,"column":null}},"type":"cond-expr","locations":[{"start":{"line":40,"column":28},"end":{"line":40,"column":41}},{"start":{"line":40,"column":41},"end":{"line":40,"column":null}}],"line":40},"4":{"loc":{"start":{"line":40,"column":41},"end":{"line":40,"column":null}},"type":"cond-expr","locations":[{"start":{"line":40,"column":52},"end":{"line":40,"column":68}},{"start":{"line":40,"column":68},"end":{"line":40,"column":null}}],"line":40}},"s":{"0":0,"1":0,"2":0,"3":0,"4":0,"5":0,"6":0,"7":0,"8":0,"9":0},"f":{"0":0,"1":0,"2":0,"3":0},"b":{"0":[0,0,0],"1":[0,0],"2":[0,0],"3":[0,0],"4":[0,0]},"meta":{"lastBranch":5,"lastFunction":4,"lastStatement":10,"seen":{"f:24:2:24:22":0,"s:24:22:24:67":0,"f:26:8:26:46":1,"s:27:23:27:Infinity":1,"s:28:24:28:Infinity":2,"f:28:47:28:48":2,"s:28:54:28:64":3,"s:30:21:44:Infinity":4,"f:30:43:30:44":3,"s:31:24:31:Infinity":5,"s:32:23:32:Infinity":6,"s:33:20:33:Infinity":7,"b:33:20:33:40:33:40:33:52:33:52:33:Infinity":0,"s:35:6:43:Infinity":8,"b:37:43:37:74:37:74:37:Infinity":1,"b:37:15:37:35:37:35:37:43":2,"b:40:28:40:41:40:41:40:Infinity":3,"b:40:52:40:68:40:68:40:Infinity":4,"s:46:4:46:Infinity":9}}}
,"/Users/louisegriffin/Development/MysticOracle/server/src/application/use-cases/admin/settings/UpdateSetting.ts": {"path":"/Users/louisegriffin/Development/MysticOracle/server/src/application/use-cases/admin/settings/UpdateSetting.ts","statementMap":{"0":{"start":{"line":22,"column":22},"end":{"line":22,"column":67}},"1":{"start":{"line":25,"column":4},"end":{"line":56,"column":null}},"2":{"start":{"line":27,"column":30},"end":{"line":27,"column":null}},"3":{"start":{"line":27,"column":60},"end":{"line":27,"column":79}},"4":{"start":{"line":28,"column":6},"end":{"line":33,"column":null}},"5":{"start":{"line":29,"column":8},"end":{"line":32,"column":null}},"6":{"start":{"line":36,"column":6},"end":{"line":41,"column":null}},"7":{"start":{"line":37,"column":8},"end":{"line":40,"column":null}},"8":{"start":{"line":44,"column":22},"end":{"line":44,"column":null}},"9":{"start":{"line":46,"column":6},"end":{"line":49,"column":null}},"10":{"start":{"line":51,"column":6},"end":{"line":51,"column":null}},"11":{"start":{"line":52,"column":6},"end":{"line":55,"column":null}}},"fnMap":{"0":{"name":"(anonymous_0)","decl":{"start":{"line":22,"column":2},"end":{"line":22,"column":22}},"loc":{"start":{"line":22,"column":67},"end":{"line":22,"column":null}},"line":22},"1":{"name":"(anonymous_1)","decl":{"start":{"line":24,"column":8},"end":{"line":24,"column":16}},"loc":{"start":{"line":24,"column":73},"end":{"line":57,"column":null}},"line":24},"2":{"name":"(anonymous_2)","decl":{"start":{"line":27,"column":53},"end":{"line":27,"column":54}},"loc":{"start":{"line":27,"column":60},"end":{"line":27,"column":79}},"line":27}},"branchMap":{"0":{"loc":{"start":{"line":28,"column":6},"end":{"line":33,"column":null}},"type":"if","locations":[{"start":{"line":28,"column":6},"end":{"line":33,"column":null}},{"start":{},"end":{}}],"line":28},"1":{"loc":{"start":{"line":36,"column":6},"end":{"line":41,"column":null}},"type":"if","locations":[{"start":{"line":36,"column":6},"end":{"line":41,"column":null}},{"start":{},"end":{}}],"line":36},"2":{"loc":{"start":{"line":36,"column":10},"end":{"line":36,"column":59}},"type":"binary-expr","locations":[{"start":{"line":36,"column":10},"end":{"line":36,"column":26}},{"start":{"line":36,"column":26},"end":{"line":36,"column":59}}],"line":36},"3":{"loc":{"start":{"line":54,"column":15},"end":{"line":54,"column":null}},"type":"cond-expr","locations":[{"start":{"line":54,"column":40},"end":{"line":54,"column":56}},{"start":{"line":54,"column":56},"end":{"line":54,"column":null}}],"line":54}},"s":{"0":0,"1":0,"2":0,"3":0,"4":0,"5":0,"6":0,"7":0,"8":0,"9":0,"10":0,"11":0},"f":{"0":0,"1":0,"2":0},"b":{"0":[0,0],"1":[0,0],"2":[0,0],"3":[0,0]},"meta":{"lastBranch":4,"lastFunction":3,"lastStatement":12,"seen":{"f:22:2:22:22":0,"s:22:22:22:67":0,"f:24:8:24:16":1,"s:25:4:56:Infinity":1,"s:27:30:27:Infinity":2,"f:27:53:27:54":2,"s:27:60:27:79":3,"b:28:6:33:Infinity:undefined:undefined:undefined:undefined":0,"s:28:6:33:Infinity":4,"s:29:8:32:Infinity":5,"b:36:6:41:Infinity:undefined:undefined:undefined:undefined":1,"s:36:6:41:Infinity":6,"b:36:10:36:26:36:26:36:59":2,"s:37:8:40:Infinity":7,"s:44:22:44:Infinity":8,"s:46:6:49:Infinity":9,"s:51:6:51:Infinity":10,"s:52:6:55:Infinity":11,"b:54:40:54:56:54:56:54:Infinity":3}}}
,"/Users/louisegriffin/Development/MysticOracle/server/src/application/use-cases/admin/settings/index.ts": {"path":"/Users/louisegriffin/Development/MysticOracle/server/src/application/use-cases/admin/settings/index.ts","statementMap":{},"fnMap":{},"branchMap":{},"s":{},"f":{},"b":{},"meta":{"lastBranch":0,"lastFunction":0,"lastStatement":0,"seen":{}}}
,"/Users/louisegriffin/Development/MysticOracle/server/src/application/use-cases/admin/templates/CreateTemplate.ts": {"path":"/Users/louisegriffin/Development/MysticOracle/server/src/application/use-cases/admin/templates/CreateTemplate.ts","statementMap":{"0":{"start":{"line":28,"column":22},"end":{"line":28,"column":68}},"1":{"start":{"line":31,"column":4},"end":{"line":65,"column":null}},"2":{"start":{"line":33,"column":6},"end":{"line":35,"column":null}},"3":{"start":{"line":34,"column":8},"end":{"line":34,"column":null}},"4":{"start":{"line":36,"column":6},"end":{"line":38,"column":null}},"5":{"start":{"line":37,"column":8},"end":{"line":37,"column":null}},"6":{"start":{"line":39,"column":6},"end":{"line":41,"column":null}},"7":{"start":{"line":40,"column":8},"end":{"line":40,"column":null}},"8":{"start":{"line":44,"column":23},"end":{"line":44,"column":null}},"9":{"start":{"line":45,"column":6},"end":{"line":47,"column":null}},"10":{"start":{"line":46,"column":8},"end":{"line":46,"column":null}},"11":{"start":{"line":49,"column":23},"end":{"line":56,"column":null}},"12":{"start":{"line":58,"column":6},"end":{"line":58,"column":null}},"13":{"start":{"line":60,"column":6},"end":{"line":60,"column":null}},"14":{"start":{"line":61,"column":6},"end":{"line":64,"column":null}}},"fnMap":{"0":{"name":"(anonymous_0)","decl":{"start":{"line":28,"column":2},"end":{"line":28,"column":22}},"loc":{"start":{"line":28,"column":68},"end":{"line":28,"column":null}},"line":28},"1":{"name":"(anonymous_1)","decl":{"start":{"line":30,"column":8},"end":{"line":30,"column":16}},"loc":{"start":{"line":30,"column":75},"end":{"line":66,"column":null}},"line":30}},"branchMap":{"0":{"loc":{"start":{"line":33,"column":6},"end":{"line":35,"column":null}},"type":"if","locations":[{"start":{"line":33,"column":6},"end":{"line":35,"column":null}},{"start":{},"end":{}}],"line":33},"1":{"loc":{"start":{"line":33,"column":10},"end":{"line":33,"column":57}},"type":"binary-expr","locations":[{"start":{"line":33,"column":10},"end":{"line":33,"column":25}},{"start":{"line":33,"column":25},"end":{"line":33,"column":57}}],"line":33},"2":{"loc":{"start":{"line":36,"column":6},"end":{"line":38,"column":null}},"type":"if","locations":[{"start":{"line":36,"column":6},"end":{"line":38,"column":null}},{"start":{},"end":{}}],"line":36},"3":{"loc":{"start":{"line":36,"column":10},"end":{"line":36,"column":48}},"type":"binary-expr","locations":[{"start":{"line":36,"column":10},"end":{"line":36,"column":30}},{"start":{"line":36,"column":30},"end":{"line":36,"column":48}}],"line":36},"4":{"loc":{"start":{"line":39,"column":6},"end":{"line":41,"column":null}},"type":"if","locations":[{"start":{"line":39,"column":6},"end":{"line":41,"column":null}},{"start":{},"end":{}}],"line":39},"5":{"loc":{"start":{"line":39,"column":10},"end":{"line":39,"column":42}},"type":"binary-expr","locations":[{"start":{"line":39,"column":10},"end":{"line":39,"column":27}},{"start":{"line":39,"column":27},"end":{"line":39,"column":42}}],"line":39},"6":{"loc":{"start":{"line":45,"column":6},"end":{"line":47,"column":null}},"type":"if","locations":[{"start":{"line":45,"column":6},"end":{"line":47,"column":null}},{"start":{},"end":{}}],"line":45},"7":{"loc":{"start":{"line":55,"column":18},"end":{"line":55,"column":null}},"type":"binary-expr","locations":[{"start":{"line":55,"column":18},"end":{"line":55,"column":36}},{"start":{"line":55,"column":36},"end":{"line":55,"column":null}}],"line":55},"8":{"loc":{"start":{"line":63,"column":15},"end":{"line":63,"column":null}},"type":"cond-expr","locations":[{"start":{"line":63,"column":40},"end":{"line":63,"column":56}},{"start":{"line":63,"column":56},"end":{"line":63,"column":null}}],"line":63}},"s":{"0":0,"1":0,"2":0,"3":0,"4":0,"5":0,"6":0,"7":0,"8":0,"9":0,"10":0,"11":0,"12":0,"13":0,"14":0},"f":{"0":0,"1":0},"b":{"0":[0,0],"1":[0,0],"2":[0,0],"3":[0,0],"4":[0,0],"5":[0,0],"6":[0,0],"7":[0,0],"8":[0,0]},"meta":{"lastBranch":9,"lastFunction":2,"lastStatement":15,"seen":{"f:28:2:28:22":0,"s:28:22:28:68":0,"f:30:8:30:16":1,"s:31:4:65:Infinity":1,"b:33:6:35:Infinity:undefined:undefined:undefined:undefined":0,"s:33:6:35:Infinity":2,"b:33:10:33:25:33:25:33:57":1,"s:34:8:34:Infinity":3,"b:36:6:38:Infinity:undefined:undefined:undefined:undefined":2,"s:36:6:38:Infinity":4,"b:36:10:36:30:36:30:36:48":3,"s:37:8:37:Infinity":5,"b:39:6:41:Infinity:undefined:undefined:undefined:undefined":4,"s:39:6:41:Infinity":6,"b:39:10:39:27:39:27:39:42":5,"s:40:8:40:Infinity":7,"s:44:23:44:Infinity":8,"b:45:6:47:Infinity:undefined:undefined:undefined:undefined":6,"s:45:6:47:Infinity":9,"s:46:8:46:Infinity":10,"s:49:23:56:Infinity":11,"b:55:18:55:36:55:36:55:Infinity":7,"s:58:6:58:Infinity":12,"s:60:6:60:Infinity":13,"s:61:6:64:Infinity":14,"b:63:40:63:56:63:56:63:Infinity":8}}}
,"/Users/louisegriffin/Development/MysticOracle/server/src/application/use-cases/admin/templates/DeleteTemplate.ts": {"path":"/Users/louisegriffin/Development/MysticOracle/server/src/application/use-cases/admin/templates/DeleteTemplate.ts","statementMap":{"0":{"start":{"line":18,"column":22},"end":{"line":18,"column":68}},"1":{"start":{"line":21,"column":4},"end":{"line":37,"column":null}},"2":{"start":{"line":23,"column":23},"end":{"line":23,"column":null}},"3":{"start":{"line":24,"column":6},"end":{"line":26,"column":null}},"4":{"start":{"line":25,"column":8},"end":{"line":25,"column":null}},"5":{"start":{"line":28,"column":6},"end":{"line":28,"column":null}},"6":{"start":{"line":30,"column":6},"end":{"line":30,"column":null}},"7":{"start":{"line":32,"column":6},"end":{"line":32,"column":null}},"8":{"start":{"line":33,"column":6},"end":{"line":36,"column":null}}},"fnMap":{"0":{"name":"(anonymous_0)","decl":{"start":{"line":18,"column":2},"end":{"line":18,"column":22}},"loc":{"start":{"line":18,"column":68},"end":{"line":18,"column":null}},"line":18},"1":{"name":"(anonymous_1)","decl":{"start":{"line":20,"column":8},"end":{"line":20,"column":16}},"loc":{"start":{"line":20,"column":75},"end":{"line":38,"column":null}},"line":20}},"branchMap":{"0":{"loc":{"start":{"line":24,"column":6},"end":{"line":26,"column":null}},"type":"if","locations":[{"start":{"line":24,"column":6},"end":{"line":26,"column":null}},{"start":{},"end":{}}],"line":24},"1":{"loc":{"start":{"line":35,"column":15},"end":{"line":35,"column":null}},"type":"cond-expr","locations":[{"start":{"line":35,"column":40},"end":{"line":35,"column":56}},{"start":{"line":35,"column":56},"end":{"line":35,"column":null}}],"line":35}},"s":{"0":0,"1":0,"2":0,"3":0,"4":0,"5":0,"6":0,"7":0,"8":0},"f":{"0":0,"1":0},"b":{"0":[0,0],"1":[0,0]},"meta":{"lastBranch":2,"lastFunction":2,"lastStatement":9,"seen":{"f:18:2:18:22":0,"s:18:22:18:68":0,"f:20:8:20:16":1,"s:21:4:37:Infinity":1,"s:23:23:23:Infinity":2,"b:24:6:26:Infinity:undefined:undefined:undefined:undefined":0,"s:24:6:26:Infinity":3,"s:25:8:25:Infinity":4,"s:28:6:28:Infinity":5,"s:30:6:30:Infinity":6,"s:32:6:32:Infinity":7,"s:33:6:36:Infinity":8,"b:35:40:35:56:35:56:35:Infinity":1}}}
,"/Users/louisegriffin/Development/MysticOracle/server/src/application/use-cases/admin/templates/ListTemplates.ts": {"path":"/Users/louisegriffin/Development/MysticOracle/server/src/application/use-cases/admin/templates/ListTemplates.ts","statementMap":{"0":{"start":{"line":14,"column":22},"end":{"line":14,"column":68}},"1":{"start":{"line":17,"column":22},"end":{"line":17,"column":null}},"2":{"start":{"line":18,"column":4},"end":{"line":18,"column":null}}},"fnMap":{"0":{"name":"(anonymous_0)","decl":{"start":{"line":14,"column":2},"end":{"line":14,"column":22}},"loc":{"start":{"line":14,"column":68},"end":{"line":14,"column":null}},"line":14},"1":{"name":"(anonymous_1)","decl":{"start":{"line":16,"column":8},"end":{"line":16,"column":48}},"loc":{"start":{"line":16,"column":48},"end":{"line":19,"column":null}},"line":16}},"branchMap":{},"s":{"0":0,"1":0,"2":0},"f":{"0":0,"1":0},"b":{},"meta":{"lastBranch":0,"lastFunction":2,"lastStatement":3,"seen":{"f:14:2:14:22":0,"s:14:22:14:68":0,"f:16:8:16:48":1,"s:17:22:17:Infinity":1,"s:18:4:18:Infinity":2}}}
,"/Users/louisegriffin/Development/MysticOracle/server/src/application/use-cases/admin/templates/SeedTemplates.ts": {"path":"/Users/louisegriffin/Development/MysticOracle/server/src/application/use-cases/admin/templates/SeedTemplates.ts","statementMap":{"0":{"start":{"line":18,"column":22},"end":{"line":18,"column":68}},"1":{"start":{"line":21,"column":4},"end":{"line":50,"column":null}},"2":{"start":{"line":23,"column":23},"end":{"line":23,"column":null}},"3":{"start":{"line":24,"column":6},"end":{"line":29,"column":null}},"4":{"start":{"line":25,"column":8},"end":{"line":28,"column":null}},"5":{"start":{"line":32,"column":6},"end":{"line":34,"column":null}},"6":{"start":{"line":33,"column":44},"end":{"line":33,"column":69}},"7":{"start":{"line":37,"column":24},"end":{"line":37,"column":null}},"8":{"start":{"line":39,"column":6},"end":{"line":43,"column":null}},"9":{"start":{"line":45,"column":6},"end":{"line":45,"column":null}},"10":{"start":{"line":46,"column":6},"end":{"line":49,"column":null}}},"fnMap":{"0":{"name":"(anonymous_0)","decl":{"start":{"line":18,"column":2},"end":{"line":18,"column":22}},"loc":{"start":{"line":18,"column":68},"end":{"line":18,"column":null}},"line":18},"1":{"name":"(anonymous_1)","decl":{"start":{"line":20,"column":8},"end":{"line":20,"column":48}},"loc":{"start":{"line":20,"column":48},"end":{"line":51,"column":null}},"line":20},"2":{"name":"(anonymous_2)","decl":{"start":{"line":33,"column":36},"end":{"line":33,"column":37}},"loc":{"start":{"line":33,"column":44},"end":{"line":33,"column":69}},"line":33}},"branchMap":{"0":{"loc":{"start":{"line":24,"column":6},"end":{"line":29,"column":null}},"type":"if","locations":[{"start":{"line":24,"column":6},"end":{"line":29,"column":null}},{"start":{},"end":{}}],"line":24},"1":{"loc":{"start":{"line":48,"column":15},"end":{"line":48,"column":null}},"type":"cond-expr","locations":[{"start":{"line":48,"column":40},"end":{"line":48,"column":56}},{"start":{"line":48,"column":56},"end":{"line":48,"column":null}}],"line":48}},"s":{"0":0,"1":0,"2":0,"3":0,"4":0,"5":0,"6":0,"7":0,"8":0,"9":0,"10":0},"f":{"0":0,"1":0,"2":0},"b":{"0":[0,0],"1":[0,0]},"meta":{"lastBranch":2,"lastFunction":3,"lastStatement":11,"seen":{"f:18:2:18:22":0,"s:18:22:18:68":0,"f:20:8:20:48":1,"s:21:4:50:Infinity":1,"s:23:23:23:Infinity":2,"b:24:6:29:Infinity:undefined:undefined:undefined:undefined":0,"s:24:6:29:Infinity":3,"s:25:8:28:Infinity":4,"s:32:6:34:Infinity":5,"f:33:36:33:37":2,"s:33:44:33:69":6,"s:37:24:37:Infinity":7,"s:39:6:43:Infinity":8,"s:45:6:45:Infinity":9,"s:46:6:49:Infinity":10,"b:48:40:48:56:48:56:48:Infinity":1}}}
,"/Users/louisegriffin/Development/MysticOracle/server/src/application/use-cases/admin/templates/UpdateTemplate.ts": {"path":"/Users/louisegriffin/Development/MysticOracle/server/src/application/use-cases/admin/templates/UpdateTemplate.ts","statementMap":{"0":{"start":{"line":29,"column":22},"end":{"line":29,"column":68}},"1":{"start":{"line":32,"column":4},"end":{"line":61,"column":null}},"2":{"start":{"line":34,"column":23},"end":{"line":34,"column":null}},"3":{"start":{"line":35,"column":6},"end":{"line":37,"column":null}},"4":{"start":{"line":36,"column":8},"end":{"line":36,"column":null}},"5":{"start":{"line":40,"column":6},"end":{"line":45,"column":null}},"6":{"start":{"line":41,"column":27},"end":{"line":41,"column":null}},"7":{"start":{"line":42,"column":8},"end":{"line":44,"column":null}},"8":{"start":{"line":43,"column":10},"end":{"line":43,"column":null}},"9":{"start":{"line":47,"column":30},"end":{"line":47,"column":null}},"10":{"start":{"line":48,"column":6},"end":{"line":50,"column":null}},"11":{"start":{"line":49,"column":8},"end":{"line":49,"column":null}},"12":{"start":{"line":52,"column":23},"end":{"line":52,"column":null}},"13":{"start":{"line":54,"column":6},"end":{"line":54,"column":null}},"14":{"start":{"line":56,"column":6},"end":{"line":56,"column":null}},"15":{"start":{"line":57,"column":6},"end":{"line":60,"column":null}}},"fnMap":{"0":{"name":"(anonymous_0)","decl":{"start":{"line":29,"column":2},"end":{"line":29,"column":22}},"loc":{"start":{"line":29,"column":68},"end":{"line":29,"column":null}},"line":29},"1":{"name":"(anonymous_1)","decl":{"start":{"line":31,"column":8},"end":{"line":31,"column":16}},"loc":{"start":{"line":31,"column":75},"end":{"line":62,"column":null}},"line":31}},"branchMap":{"0":{"loc":{"start":{"line":35,"column":6},"end":{"line":37,"column":null}},"type":"if","locations":[{"start":{"line":35,"column":6},"end":{"line":37,"column":null}},{"start":{},"end":{}}],"line":35},"1":{"loc":{"start":{"line":40,"column":6},"end":{"line":45,"column":null}},"type":"if","locations":[{"start":{"line":40,"column":6},"end":{"line":45,"column":null}},{"start":{},"end":{}}],"line":40},"2":{"loc":{"start":{"line":40,"column":10},"end":{"line":40,"column":54}},"type":"binary-expr","locations":[{"start":{"line":40,"column":10},"end":{"line":40,"column":24}},{"start":{"line":40,"column":24},"end":{"line":40,"column":54}}],"line":40},"3":{"loc":{"start":{"line":42,"column":8},"end":{"line":44,"column":null}},"type":"if","locations":[{"start":{"line":42,"column":8},"end":{"line":44,"column":null}},{"start":{},"end":{}}],"line":42},"4":{"loc":{"start":{"line":48,"column":6},"end":{"line":50,"column":null}},"type":"if","locations":[{"start":{"line":48,"column":6},"end":{"line":50,"column":null}},{"start":{},"end":{}}],"line":48},"5":{"loc":{"start":{"line":59,"column":15},"end":{"line":59,"column":null}},"type":"cond-expr","locations":[{"start":{"line":59,"column":40},"end":{"line":59,"column":56}},{"start":{"line":59,"column":56},"end":{"line":59,"column":null}}],"line":59}},"s":{"0":0,"1":0,"2":0,"3":0,"4":0,"5":0,"6":0,"7":0,"8":0,"9":0,"10":0,"11":0,"12":0,"13":0,"14":0,"15":0},"f":{"0":0,"1":0},"b":{"0":[0,0],"1":[0,0],"2":[0,0],"3":[0,0],"4":[0,0],"5":[0,0]},"meta":{"lastBranch":6,"lastFunction":2,"lastStatement":16,"seen":{"f:29:2:29:22":0,"s:29:22:29:68":0,"f:31:8:31:16":1,"s:32:4:61:Infinity":1,"s:34:23:34:Infinity":2,"b:35:6:37:Infinity:undefined:undefined:undefined:undefined":0,"s:35:6:37:Infinity":3,"s:36:8:36:Infinity":4,"b:40:6:45:Infinity:undefined:undefined:undefined:undefined":1,"s:40:6:45:Infinity":5,"b:40:10:40:24:40:24:40:54":2,"s:41:27:41:Infinity":6,"b:42:8:44:Infinity:undefined:undefined:undefined:undefined":3,"s:42:8:44:Infinity":7,"s:43:10:43:Infinity":8,"s:47:30:47:Infinity":9,"b:48:6:50:Infinity:undefined:undefined:undefined:undefined":4,"s:48:6:50:Infinity":10,"s:49:8:49:Infinity":11,"s:52:23:52:Infinity":12,"s:54:6:54:Infinity":13,"s:56:6:56:Infinity":14,"s:57:6:60:Infinity":15,"b:59:40:59:56:59:56:59:Infinity":5}}}
,"/Users/louisegriffin/Development/MysticOracle/server/src/application/use-cases/admin/templates/index.ts": {"path":"/Users/louisegriffin/Development/MysticOracle/server/src/application/use-cases/admin/templates/index.ts","statementMap":{},"fnMap":{},"branchMap":{},"s":{},"f":{},"b":{},"meta":{"lastBranch":0,"lastFunction":0,"lastStatement":0,"seen":{}}}
,"/Users/louisegriffin/Development/MysticOracle/server/src/application/use-cases/admin/users/AdjustUserCredits.ts": {"path":"/Users/louisegriffin/Development/MysticOracle/server/src/application/use-cases/admin/users/AdjustUserCredits.ts","statementMap":{"0":{"start":{"line":26,"column":12},"end":{"line":26,"column":null}},"1":{"start":{"line":27,"column":12},"end":{"line":27,"column":null}},"2":{"start":{"line":31,"column":4},"end":{"line":72,"column":null}},"3":{"start":{"line":33,"column":19},"end":{"line":33,"column":null}},"4":{"start":{"line":34,"column":6},"end":{"line":39,"column":null}},"5":{"start":{"line":35,"column":8},"end":{"line":38,"column":null}},"6":{"start":{"line":42,"column":30},"end":{"line":42,"column":null}},"7":{"start":{"line":43,"column":6},"end":{"line":48,"column":null}},"8":{"start":{"line":44,"column":8},"end":{"line":47,"column":null}},"9":{"start":{"line":51,"column":21},"end":{"line":51,"column":null}},"10":{"start":{"line":53,"column":6},"end":{"line":58,"column":null}},"11":{"start":{"line":54,"column":8},"end":{"line":57,"column":null}},"12":{"start":{"line":60,"column":6},"end":{"line":65,"column":null}},"13":{"start":{"line":67,"column":6},"end":{"line":67,"column":null}},"14":{"start":{"line":68,"column":6},"end":{"line":71,"column":null}}},"fnMap":{"0":{"name":"(anonymous_0)","decl":{"start":{"line":25,"column":2},"end":{"line":25,"column":null}},"loc":{"start":{"line":28,"column":4},"end":{"line":28,"column":null}},"line":28},"1":{"name":"(anonymous_1)","decl":{"start":{"line":30,"column":8},"end":{"line":30,"column":16}},"loc":{"start":{"line":30,"column":81},"end":{"line":73,"column":null}},"line":30}},"branchMap":{"0":{"loc":{"start":{"line":34,"column":6},"end":{"line":39,"column":null}},"type":"if","locations":[{"start":{"line":34,"column":6},"end":{"line":39,"column":null}},{"start":{},"end":{}}],"line":34},"1":{"loc":{"start":{"line":43,"column":6},"end":{"line":48,"column":null}},"type":"if","locations":[{"start":{"line":43,"column":6},"end":{"line":48,"column":null}},{"start":{},"end":{}}],"line":43},"2":{"loc":{"start":{"line":53,"column":6},"end":{"line":58,"column":null}},"type":"if","locations":[{"start":{"line":53,"column":6},"end":{"line":58,"column":null}},{"start":{},"end":{}}],"line":53},"3":{"loc":{"start":{"line":56,"column":17},"end":{"line":56,"column":null}},"type":"binary-expr","locations":[{"start":{"line":56,"column":17},"end":{"line":56,"column":33}},{"start":{"line":56,"column":33},"end":{"line":56,"column":null}}],"line":56},"4":{"loc":{"start":{"line":70,"column":15},"end":{"line":70,"column":null}},"type":"cond-expr","locations":[{"start":{"line":70,"column":40},"end":{"line":70,"column":56}},{"start":{"line":70,"column":56},"end":{"line":70,"column":null}}],"line":70}},"s":{"0":14,"1":14,"2":14,"3":14,"4":14,"5":1,"6":13,"7":13,"8":1,"9":12,"10":10,"11":3,"12":7,"13":2,"14":2},"f":{"0":14,"1":14},"b":{"0":[1,13],"1":[1,12],"2":[3,7],"3":[3,1],"4":[1,1]},"meta":{"lastBranch":5,"lastFunction":2,"lastStatement":15,"seen":{"f:25:2:25:Infinity":0,"s:26:12:26:Infinity":0,"s:27:12:27:Infinity":1,"f:30:8:30:16":1,"s:31:4:72:Infinity":2,"s:33:19:33:Infinity":3,"b:34:6:39:Infinity:undefined:undefined:undefined:undefined":0,"s:34:6:39:Infinity":4,"s:35:8:38:Infinity":5,"s:42:30:42:Infinity":6,"b:43:6:48:Infinity:undefined:undefined:undefined:undefined":1,"s:43:6:48:Infinity":7,"s:44:8:47:Infinity":8,"s:51:21:51:Infinity":9,"b:53:6:58:Infinity:undefined:undefined:undefined:undefined":2,"s:53:6:58:Infinity":10,"s:54:8:57:Infinity":11,"b:56:17:56:33:56:33:56:Infinity":3,"s:60:6:65:Infinity":12,"s:67:6:67:Infinity":13,"s:68:6:71:Infinity":14,"b:70:40:70:56:70:56:70:Infinity":4}}}
,"/Users/louisegriffin/Development/MysticOracle/server/src/application/use-cases/admin/users/GetUser.ts": {"path":"/Users/louisegriffin/Development/MysticOracle/server/src/application/use-cases/admin/users/GetUser.ts","statementMap":{"0":{"start":{"line":25,"column":22},"end":{"line":25,"column":44}},"1":{"start":{"line":28,"column":4},"end":{"line":68,"column":null}},"2":{"start":{"line":29,"column":19},"end":{"line":49,"column":null}},"3":{"start":{"line":51,"column":6},"end":{"line":56,"column":null}},"4":{"start":{"line":52,"column":8},"end":{"line":55,"column":null}},"5":{"start":{"line":58,"column":6},"end":{"line":61,"column":null}},"6":{"start":{"line":63,"column":6},"end":{"line":63,"column":null}},"7":{"start":{"line":64,"column":6},"end":{"line":67,"column":null}}},"fnMap":{"0":{"name":"(anonymous_0)","decl":{"start":{"line":25,"column":2},"end":{"line":25,"column":22}},"loc":{"start":{"line":25,"column":44},"end":{"line":25,"column":null}},"line":25},"1":{"name":"(anonymous_1)","decl":{"start":{"line":27,"column":8},"end":{"line":27,"column":16}},"loc":{"start":{"line":27,"column":61},"end":{"line":69,"column":null}},"line":27}},"branchMap":{"0":{"loc":{"start":{"line":51,"column":6},"end":{"line":56,"column":null}},"type":"if","locations":[{"start":{"line":51,"column":6},"end":{"line":56,"column":null}},{"start":{},"end":{}}],"line":51},"1":{"loc":{"start":{"line":66,"column":15},"end":{"line":66,"column":null}},"type":"cond-expr","locations":[{"start":{"line":66,"column":40},"end":{"line":66,"column":56}},{"start":{"line":66,"column":56},"end":{"line":66,"column":null}}],"line":66}},"s":{"0":0,"1":0,"2":0,"3":0,"4":0,"5":0,"6":0,"7":0},"f":{"0":0,"1":0},"b":{"0":[0,0],"1":[0,0]},"meta":{"lastBranch":2,"lastFunction":2,"lastStatement":8,"seen":{"f:25:2:25:22":0,"s:25:22:25:44":0,"f:27:8:27:16":1,"s:28:4:68:Infinity":1,"s:29:19:49:Infinity":2,"b:51:6:56:Infinity:undefined:undefined:undefined:undefined":0,"s:51:6:56:Infinity":3,"s:52:8:55:Infinity":4,"s:58:6:61:Infinity":5,"s:63:6:63:Infinity":6,"s:64:6:67:Infinity":7,"b:66:40:66:56:66:56:66:Infinity":1}}}
,"/Users/louisegriffin/Development/MysticOracle/server/src/application/use-cases/admin/users/ListUsers.ts": {"path":"/Users/louisegriffin/Development/MysticOracle/server/src/application/use-cases/admin/users/ListUsers.ts","statementMap":{"0":{"start":{"line":48,"column":22},"end":{"line":48,"column":55}},"1":{"start":{"line":51,"column":17},"end":{"line":51,"column":null}},"2":{"start":{"line":52,"column":18},"end":{"line":52,"column":null}},"3":{"start":{"line":53,"column":10},"end":{"line":53,"column":null}},"4":{"start":{"line":55,"column":37},"end":{"line":62,"column":null}},"5":{"start":{"line":64,"column":27},"end":{"line":67,"column":null}},"6":{"start":{"line":69,"column":4},"end":{"line":77,"column":null}}},"fnMap":{"0":{"name":"(anonymous_0)","decl":{"start":{"line":48,"column":2},"end":{"line":48,"column":22}},"loc":{"start":{"line":48,"column":55},"end":{"line":48,"column":null}},"line":48},"1":{"name":"(anonymous_1)","decl":{"start":{"line":50,"column":8},"end":{"line":50,"column":16}},"loc":{"start":{"line":50,"column":65},"end":{"line":78,"column":null}},"line":50}},"branchMap":{"0":{"loc":{"start":{"line":51,"column":17},"end":{"line":51,"column":null}},"type":"binary-expr","locations":[{"start":{"line":51,"column":17},"end":{"line":51,"column":31}},{"start":{"line":51,"column":31},"end":{"line":51,"column":null}}],"line":51},"1":{"loc":{"start":{"line":52,"column":27},"end":{"line":52,"column":46}},"type":"binary-expr","locations":[{"start":{"line":52,"column":27},"end":{"line":52,"column":42}},{"start":{"line":52,"column":42},"end":{"line":52,"column":46}}],"line":52},"2":{"loc":{"start":{"line":60,"column":14},"end":{"line":60,"column":null}},"type":"binary-expr","locations":[{"start":{"line":60,"column":14},"end":{"line":60,"column":30}},{"start":{"line":60,"column":30},"end":{"line":60,"column":null}}],"line":60},"3":{"loc":{"start":{"line":61,"column":17},"end":{"line":61,"column":null}},"type":"binary-expr","locations":[{"start":{"line":61,"column":17},"end":{"line":61,"column":36}},{"start":{"line":61,"column":36},"end":{"line":61,"column":null}}],"line":61}},"s":{"0":14,"1":14,"2":14,"3":14,"4":14,"5":14,"6":14},"f":{"0":14,"1":14},"b":{"0":[14,10],"1":[14,9],"2":[14,10],"3":[14,12]},"meta":{"lastBranch":4,"lastFunction":2,"lastStatement":7,"seen":{"f:48:2:48:22":0,"s:48:22:48:55":0,"f:50:8:50:16":1,"s:51:17:51:Infinity":1,"b:51:17:51:31:51:31:51:Infinity":0,"s:52:18:52:Infinity":2,"b:52:27:52:42:52:42:52:46":1,"s:53:10:53:Infinity":3,"s:55:37:62:Infinity":4,"b:60:14:60:30:60:30:60:Infinity":2,"b:61:17:61:36:61:36:61:Infinity":3,"s:64:27:67:Infinity":5,"s:69:4:77:Infinity":6}}}
,"/Users/louisegriffin/Development/MysticOracle/server/src/application/use-cases/admin/users/ToggleUserAdmin.ts": {"path":"/Users/louisegriffin/Development/MysticOracle/server/src/application/use-cases/admin/users/ToggleUserAdmin.ts","statementMap":{"0":{"start":{"line":21,"column":22},"end":{"line":21,"column":55}},"1":{"start":{"line":24,"column":4},"end":{"line":49,"column":null}},"2":{"start":{"line":26,"column":27},"end":{"line":26,"column":null}},"3":{"start":{"line":27,"column":6},"end":{"line":32,"column":null}},"4":{"start":{"line":28,"column":8},"end":{"line":31,"column":null}},"5":{"start":{"line":35,"column":19},"end":{"line":37,"column":null}},"6":{"start":{"line":39,"column":6},"end":{"line":42,"column":null}},"7":{"start":{"line":44,"column":6},"end":{"line":44,"column":null}},"8":{"start":{"line":45,"column":6},"end":{"line":48,"column":null}}},"fnMap":{"0":{"name":"(anonymous_0)","decl":{"start":{"line":21,"column":2},"end":{"line":21,"column":22}},"loc":{"start":{"line":21,"column":55},"end":{"line":21,"column":null}},"line":21},"1":{"name":"(anonymous_1)","decl":{"start":{"line":23,"column":8},"end":{"line":23,"column":16}},"loc":{"start":{"line":23,"column":77},"end":{"line":50,"column":null}},"line":23}},"branchMap":{"0":{"loc":{"start":{"line":27,"column":6},"end":{"line":32,"column":null}},"type":"if","locations":[{"start":{"line":27,"column":6},"end":{"line":32,"column":null}},{"start":{},"end":{}}],"line":27},"1":{"loc":{"start":{"line":47,"column":15},"end":{"line":47,"column":null}},"type":"cond-expr","locations":[{"start":{"line":47,"column":40},"end":{"line":47,"column":56}},{"start":{"line":47,"column":56},"end":{"line":47,"column":null}}],"line":47}},"s":{"0":0,"1":0,"2":0,"3":0,"4":0,"5":0,"6":0,"7":0,"8":0},"f":{"0":0,"1":0},"b":{"0":[0,0],"1":[0,0]},"meta":{"lastBranch":2,"lastFunction":2,"lastStatement":9,"seen":{"f:21:2:21:22":0,"s:21:22:21:55":0,"f:23:8:23:16":1,"s:24:4:49:Infinity":1,"s:26:27:26:Infinity":2,"b:27:6:32:Infinity:undefined:undefined:undefined:undefined":0,"s:27:6:32:Infinity":3,"s:28:8:31:Infinity":4,"s:35:19:37:Infinity":5,"s:39:6:42:Infinity":6,"s:44:6:44:Infinity":7,"s:45:6:48:Infinity":8,"b:47:40:47:56:47:56:47:Infinity":1}}}
,"/Users/louisegriffin/Development/MysticOracle/server/src/application/use-cases/admin/users/UpdateUserStatus.ts": {"path":"/Users/louisegriffin/Development/MysticOracle/server/src/application/use-cases/admin/users/UpdateUserStatus.ts","statementMap":{"0":{"start":{"line":21,"column":22},"end":{"line":21,"column":55}},"1":{"start":{"line":24,"column":4},"end":{"line":49,"column":null}},"2":{"start":{"line":26,"column":27},"end":{"line":26,"column":null}},"3":{"start":{"line":27,"column":6},"end":{"line":32,"column":null}},"4":{"start":{"line":28,"column":8},"end":{"line":31,"column":null}},"5":{"start":{"line":35,"column":19},"end":{"line":37,"column":null}},"6":{"start":{"line":39,"column":6},"end":{"line":42,"column":null}},"7":{"start":{"line":44,"column":6},"end":{"line":44,"column":null}},"8":{"start":{"line":45,"column":6},"end":{"line":48,"column":null}}},"fnMap":{"0":{"name":"(anonymous_0)","decl":{"start":{"line":21,"column":2},"end":{"line":21,"column":22}},"loc":{"start":{"line":21,"column":55},"end":{"line":21,"column":null}},"line":21},"1":{"name":"(anonymous_1)","decl":{"start":{"line":23,"column":8},"end":{"line":23,"column":16}},"loc":{"start":{"line":23,"column":79},"end":{"line":50,"column":null}},"line":23}},"branchMap":{"0":{"loc":{"start":{"line":27,"column":6},"end":{"line":32,"column":null}},"type":"if","locations":[{"start":{"line":27,"column":6},"end":{"line":32,"column":null}},{"start":{},"end":{}}],"line":27},"1":{"loc":{"start":{"line":47,"column":15},"end":{"line":47,"column":null}},"type":"cond-expr","locations":[{"start":{"line":47,"column":40},"end":{"line":47,"column":56}},{"start":{"line":47,"column":56},"end":{"line":47,"column":null}}],"line":47}},"s":{"0":0,"1":0,"2":0,"3":0,"4":0,"5":0,"6":0,"7":0,"8":0},"f":{"0":0,"1":0},"b":{"0":[0,0],"1":[0,0]},"meta":{"lastBranch":2,"lastFunction":2,"lastStatement":9,"seen":{"f:21:2:21:22":0,"s:21:22:21:55":0,"f:23:8:23:16":1,"s:24:4:49:Infinity":1,"s:26:27:26:Infinity":2,"b:27:6:32:Infinity:undefined:undefined:undefined:undefined":0,"s:27:6:32:Infinity":3,"s:28:8:31:Infinity":4,"s:35:19:37:Infinity":5,"s:39:6:42:Infinity":6,"s:44:6:44:Infinity":7,"s:45:6:48:Infinity":8,"b:47:40:47:56:47:56:47:Infinity":1}}}
,"/Users/louisegriffin/Development/MysticOracle/server/src/application/use-cases/admin/users/index.ts": {"path":"/Users/louisegriffin/Development/MysticOracle/server/src/application/use-cases/admin/users/index.ts","statementMap":{},"fnMap":{},"branchMap":{},"s":{},"f":{},"b":{},"meta":{"lastBranch":0,"lastFunction":0,"lastStatement":0,"seen":{}}}
,"/Users/louisegriffin/Development/MysticOracle/server/src/application/use-cases/payments/CapturePayment.ts": {"path":"/Users/louisegriffin/Development/MysticOracle/server/src/application/use-cases/payments/CapturePayment.ts","statementMap":{"0":{"start":{"line":28,"column":51},"end":{"line":28,"column":null}},"1":{"start":{"line":31,"column":12},"end":{"line":31,"column":null}},"2":{"start":{"line":32,"column":12},"end":{"line":32,"column":null}},"3":{"start":{"line":35,"column":4},"end":{"line":37,"column":null}},"4":{"start":{"line":36,"column":6},"end":{"line":36,"column":null}},"5":{"start":{"line":41,"column":4},"end":{"line":104,"column":null}},"6":{"start":{"line":43,"column":22},"end":{"line":43,"column":null}},"7":{"start":{"line":44,"column":6},"end":{"line":50,"column":null}},"8":{"start":{"line":45,"column":8},"end":{"line":49,"column":null}},"9":{"start":{"line":53,"column":6},"end":{"line":59,"column":null}},"10":{"start":{"line":54,"column":8},"end":{"line":58,"column":null}},"11":{"start":{"line":62,"column":28},"end":{"line":65,"column":null}},"12":{"start":{"line":67,"column":6},"end":{"line":73,"column":null}},"13":{"start":{"line":68,"column":8},"end":{"line":72,"column":null}},"14":{"start":{"line":76,"column":22},"end":{"line":76,"column":null}},"15":{"start":{"line":77,"column":27},"end":{"line":86,"column":null}},"16":{"start":{"line":89,"column":6},"end":{"line":89,"column":null}},"17":{"start":{"line":91,"column":6},"end":{"line":96,"column":null}},"18":{"start":{"line":98,"column":6},"end":{"line":98,"column":null}},"19":{"start":{"line":99,"column":6},"end":{"line":103,"column":null}}},"fnMap":{"0":{"name":"(anonymous_0)","decl":{"start":{"line":30,"column":2},"end":{"line":30,"column":null}},"loc":{"start":{"line":34,"column":4},"end":{"line":38,"column":null}},"line":34},"1":{"name":"(anonymous_1)","decl":{"start":{"line":40,"column":8},"end":{"line":40,"column":16}},"loc":{"start":{"line":40,"column":75},"end":{"line":105,"column":null}},"line":40}},"branchMap":{"0":{"loc":{"start":{"line":44,"column":6},"end":{"line":50,"column":null}},"type":"if","locations":[{"start":{"line":44,"column":6},"end":{"line":50,"column":null}},{"start":{},"end":{}}],"line":44},"1":{"loc":{"start":{"line":44,"column":10},"end":{"line":44,"column":47}},"type":"binary-expr","locations":[{"start":{"line":44,"column":10},"end":{"line":44,"column":22}},{"start":{"line":44,"column":22},"end":{"line":44,"column":47}}],"line":44},"2":{"loc":{"start":{"line":53,"column":6},"end":{"line":59,"column":null}},"type":"if","locations":[{"start":{"line":53,"column":6},"end":{"line":59,"column":null}},{"start":{},"end":{}}],"line":53},"3":{"loc":{"start":{"line":67,"column":6},"end":{"line":73,"column":null}},"type":"if","locations":[{"start":{"line":67,"column":6},"end":{"line":73,"column":null}},{"start":{},"end":{}}],"line":67},"4":{"loc":{"start":{"line":70,"column":17},"end":{"line":70,"column":null}},"type":"binary-expr","locations":[{"start":{"line":70,"column":17},"end":{"line":70,"column":40}},{"start":{"line":70,"column":40},"end":{"line":70,"column":null}}],"line":70},"5":{"loc":{"start":{"line":76,"column":22},"end":{"line":76,"column":null}},"type":"binary-expr","locations":[{"start":{"line":76,"column":22},"end":{"line":76,"column":47}},{"start":{"line":76,"column":47},"end":{"line":76,"column":null}}],"line":76},"6":{"loc":{"start":{"line":101,"column":15},"end":{"line":101,"column":null}},"type":"cond-expr","locations":[{"start":{"line":101,"column":40},"end":{"line":101,"column":56}},{"start":{"line":101,"column":56},"end":{"line":101,"column":null}}],"line":101}},"s":{"0":16,"1":16,"2":16,"3":16,"4":15,"5":13,"6":13,"7":13,"8":2,"9":11,"10":1,"11":10,"12":8,"13":2,"14":6,"15":13,"16":5,"17":5,"18":3,"19":3},"f":{"0":16,"1":13},"b":{"0":[2,11],"1":[13,12],"2":[1,10],"3":[2,6],"4":[2,1],"5":[6,1],"6":[2,1]},"meta":{"lastBranch":7,"lastFunction":2,"lastStatement":20,"seen":{"s:28:51:28:Infinity":0,"f:30:2:30:Infinity":0,"s:31:12:31:Infinity":1,"s:32:12:32:Infinity":2,"s:35:4:37:Infinity":3,"s:36:6:36:Infinity":4,"f:40:8:40:16":1,"s:41:4:104:Infinity":5,"s:43:22:43:Infinity":6,"b:44:6:50:Infinity:undefined:undefined:undefined:undefined":0,"s:44:6:50:Infinity":7,"b:44:10:44:22:44:22:44:47":1,"s:45:8:49:Infinity":8,"b:53:6:59:Infinity:undefined:undefined:undefined:undefined":2,"s:53:6:59:Infinity":9,"s:54:8:58:Infinity":10,"s:62:28:65:Infinity":11,"b:67:6:73:Infinity:undefined:undefined:undefined:undefined":3,"s:67:6:73:Infinity":12,"s:68:8:72:Infinity":13,"b:70:17:70:40:70:40:70:Infinity":4,"s:76:22:76:Infinity":14,"b:76:22:76:47:76:47:76:Infinity":5,"s:77:27:86:Infinity":15,"s:89:6:89:Infinity":16,"s:91:6:96:Infinity":17,"s:98:6:98:Infinity":18,"s:99:6:103:Infinity":19,"b:101:40:101:56:101:56:101:Infinity":6}}}
,"/Users/louisegriffin/Development/MysticOracle/server/src/application/use-cases/payments/CreateCheckout.ts": {"path":"/Users/louisegriffin/Development/MysticOracle/server/src/application/use-cases/payments/CreateCheckout.ts","statementMap":{"0":{"start":{"line":28,"column":48},"end":{"line":89,"column":null}},"1":{"start":{"line":92,"column":51},"end":{"line":92,"column":null}},"2":{"start":{"line":95,"column":12},"end":{"line":95,"column":null}},"3":{"start":{"line":96,"column":12},"end":{"line":96,"column":null}},"4":{"start":{"line":100,"column":4},"end":{"line":102,"column":null}},"5":{"start":{"line":101,"column":6},"end":{"line":101,"column":null}},"6":{"start":{"line":106,"column":4},"end":{"line":172,"column":null}},"7":{"start":{"line":108,"column":22},"end":{"line":108,"column":null}},"8":{"start":{"line":109,"column":6},"end":{"line":115,"column":null}},"9":{"start":{"line":110,"column":8},"end":{"line":114,"column":null}},"10":{"start":{"line":118,"column":28},"end":{"line":118,"column":null}},"11":{"start":{"line":118,"column":54},"end":{"line":118,"column":78}},"12":{"start":{"line":119,"column":6},"end":{"line":125,"column":null}},"13":{"start":{"line":120,"column":8},"end":{"line":124,"column":null}},"14":{"start":{"line":128,"column":19},"end":{"line":128,"column":null}},"15":{"start":{"line":129,"column":6},"end":{"line":135,"column":null}},"16":{"start":{"line":130,"column":8},"end":{"line":134,"column":null}},"17":{"start":{"line":138,"column":22},"end":{"line":145,"column":null}},"18":{"start":{"line":148,"column":6},"end":{"line":158,"column":null}},"19":{"start":{"line":160,"column":6},"end":{"line":164,"column":null}},"20":{"start":{"line":166,"column":6},"end":{"line":166,"column":null}},"21":{"start":{"line":167,"column":6},"end":{"line":171,"column":null}}},"fnMap":{"0":{"name":"(anonymous_0)","decl":{"start":{"line":94,"column":2},"end":{"line":94,"column":null}},"loc":{"start":{"line":98,"column":4},"end":{"line":103,"column":null}},"line":98},"1":{"name":"(anonymous_1)","decl":{"start":{"line":105,"column":8},"end":{"line":105,"column":16}},"loc":{"start":{"line":105,"column":75},"end":{"line":173,"column":null}},"line":105},"2":{"name":"(anonymous_2)","decl":{"start":{"line":118,"column":49},"end":{"line":118,"column":54}},"loc":{"start":{"line":118,"column":54},"end":{"line":118,"column":78}},"line":118}},"branchMap":{"0":{"loc":{"start":{"line":109,"column":6},"end":{"line":115,"column":null}},"type":"if","locations":[{"start":{"line":109,"column":6},"end":{"line":115,"column":null}},{"start":{},"end":{}}],"line":109},"1":{"loc":{"start":{"line":109,"column":10},"end":{"line":109,"column":47}},"type":"binary-expr","locations":[{"start":{"line":109,"column":10},"end":{"line":109,"column":22}},{"start":{"line":109,"column":22},"end":{"line":109,"column":47}}],"line":109},"2":{"loc":{"start":{"line":119,"column":6},"end":{"line":125,"column":null}},"type":"if","locations":[{"start":{"line":119,"column":6},"end":{"line":125,"column":null}},{"start":{},"end":{}}],"line":119},"3":{"loc":{"start":{"line":129,"column":6},"end":{"line":135,"column":null}},"type":"if","locations":[{"start":{"line":129,"column":6},"end":{"line":135,"column":null}},{"start":{},"end":{}}],"line":129},"4":{"loc":{"start":{"line":169,"column":15},"end":{"line":169,"column":null}},"type":"cond-expr","locations":[{"start":{"line":169,"column":40},"end":{"line":169,"column":56}},{"start":{"line":169,"column":56},"end":{"line":169,"column":null}}],"line":169}},"s":{"0":1,"1":18,"2":18,"3":18,"4":18,"5":33,"6":17,"7":17,"8":17,"9":2,"10":15,"11":38,"12":15,"13":1,"14":14,"15":14,"16":1,"17":13,"18":11,"19":10,"20":3,"21":3},"f":{"0":18,"1":17,"2":38},"b":{"0":[2,15],"1":[17,16],"2":[1,14],"3":[1,13],"4":[2,1]},"meta":{"lastBranch":5,"lastFunction":3,"lastStatement":22,"seen":{"s:28:48:89:Infinity":0,"s:92:51:92:Infinity":1,"f:94:2:94:Infinity":0,"s:95:12:95:Infinity":2,"s:96:12:96:Infinity":3,"s:100:4:102:Infinity":4,"s:101:6:101:Infinity":5,"f:105:8:105:16":1,"s:106:4:172:Infinity":6,"s:108:22:108:Infinity":7,"b:109:6:115:Infinity:undefined:undefined:undefined:undefined":0,"s:109:6:115:Infinity":8,"b:109:10:109:22:109:22:109:47":1,"s:110:8:114:Infinity":9,"s:118:28:118:Infinity":10,"f:118:49:118:54":2,"s:118:54:118:78":11,"b:119:6:125:Infinity:undefined:undefined:undefined:undefined":2,"s:119:6:125:Infinity":12,"s:120:8:124:Infinity":13,"s:128:19:128:Infinity":14,"b:129:6:135:Infinity:undefined:undefined:undefined:undefined":3,"s:129:6:135:Infinity":15,"s:130:8:134:Infinity":16,"s:138:22:145:Infinity":17,"s:148:6:158:Infinity":18,"s:160:6:164:Infinity":19,"s:166:6:166:Infinity":20,"s:167:6:171:Infinity":21,"b:169:40:169:56:169:56:169:Infinity":4}}}
,"/Users/louisegriffin/Development/MysticOracle/server/src/application/use-cases/payments/ProcessPaymentWebhook.ts": {"path":"/Users/louisegriffin/Development/MysticOracle/server/src/application/use-cases/payments/ProcessPaymentWebhook.ts","statementMap":{"0":{"start":{"line":28,"column":51},"end":{"line":28,"column":null}},"1":{"start":{"line":31,"column":12},"end":{"line":31,"column":null}},"2":{"start":{"line":32,"column":12},"end":{"line":32,"column":null}},"3":{"start":{"line":33,"column":12},"end":{"line":33,"column":null}},"4":{"start":{"line":36,"column":4},"end":{"line":38,"column":null}},"5":{"start":{"line":37,"column":6},"end":{"line":37,"column":null}},"6":{"start":{"line":42,"column":4},"end":{"line":99,"column":null}},"7":{"start":{"line":44,"column":22},"end":{"line":44,"column":null}},"8":{"start":{"line":45,"column":6},"end":{"line":51,"column":null}},"9":{"start":{"line":46,"column":8},"end":{"line":50,"column":null}},"10":{"start":{"line":54,"column":20},"end":{"line":58,"column":null}},"11":{"start":{"line":60,"column":6},"end":{"line":66,"column":null}},"12":{"start":{"line":61,"column":8},"end":{"line":65,"column":null}},"13":{"start":{"line":69,"column":6},"end":{"line":85,"column":null}},"14":{"start":{"line":71,"column":10},"end":{"line":71,"column":null}},"15":{"start":{"line":72,"column":10},"end":{"line":72,"column":null}},"16":{"start":{"line":76,"column":10},"end":{"line":76,"column":null}},"17":{"start":{"line":77,"column":10},"end":{"line":77,"column":null}},"18":{"start":{"line":80,"column":10},"end":{"line":80,"column":null}},"19":{"start":{"line":81,"column":10},"end":{"line":81,"column":null}},"20":{"start":{"line":84,"column":10},"end":{"line":84,"column":null}},"21":{"start":{"line":87,"column":6},"end":{"line":91,"column":null}},"22":{"start":{"line":93,"column":6},"end":{"line":93,"column":null}},"23":{"start":{"line":94,"column":6},"end":{"line":98,"column":null}},"24":{"start":{"line":107,"column":23},"end":{"line":110,"column":null}},"25":{"start":{"line":112,"column":4},"end":{"line":115,"column":null}},"26":{"start":{"line":113,"column":6},"end":{"line":113,"column":null}},"27":{"start":{"line":114,"column":6},"end":{"line":114,"column":null}},"28":{"start":{"line":118,"column":22},"end":{"line":121,"column":null}},"29":{"start":{"line":123,"column":4},"end":{"line":126,"column":null}},"30":{"start":{"line":124,"column":6},"end":{"line":124,"column":null}},"31":{"start":{"line":125,"column":6},"end":{"line":125,"column":null}},"32":{"start":{"line":129,"column":20},"end":{"line":129,"column":null}},"33":{"start":{"line":130,"column":19},"end":{"line":130,"column":null}},"34":{"start":{"line":133,"column":19},"end":{"line":144,"column":null}},"35":{"start":{"line":147,"column":4},"end":{"line":147,"column":null}},"36":{"start":{"line":149,"column":4},"end":{"line":151,"column":null}},"37":{"start":{"line":155,"column":4},"end":{"line":155,"column":null}},"38":{"start":{"line":156,"column":4},"end":{"line":156,"column":null}},"39":{"start":{"line":164,"column":27},"end":{"line":167,"column":null}},"40":{"start":{"line":169,"column":4},"end":{"line":172,"column":null}},"41":{"start":{"line":170,"column":6},"end":{"line":170,"column":null}},"42":{"start":{"line":171,"column":6},"end":{"line":171,"column":null}},"43":{"start":{"line":175,"column":23},"end":{"line":178,"column":null}},"44":{"start":{"line":180,"column":4},"end":{"line":183,"column":null}},"45":{"start":{"line":181,"column":6},"end":{"line":181,"column":null}},"46":{"start":{"line":182,"column":6},"end":{"line":182,"column":null}},"47":{"start":{"line":186,"column":4},"end":{"line":191,"column":null}},"48":{"start":{"line":193,"column":4},"end":{"line":193,"column":null}}},"fnMap":{"0":{"name":"(anonymous_0)","decl":{"start":{"line":30,"column":2},"end":{"line":30,"column":null}},"loc":{"start":{"line":35,"column":4},"end":{"line":39,"column":null}},"line":35},"1":{"name":"(anonymous_1)","decl":{"start":{"line":41,"column":8},"end":{"line":41,"column":16}},"loc":{"start":{"line":41,"column":75},"end":{"line":100,"column":null}},"line":41},"2":{"name":"(anonymous_2)","decl":{"start":{"line":102,"column":16},"end":{"line":102,"column":null}},"loc":{"start":{"line":105,"column":19},"end":{"line":152,"column":null}},"line":105},"3":{"name":"(anonymous_3)","decl":{"start":{"line":154,"column":16},"end":{"line":154,"column":36}},"loc":{"start":{"line":154,"column":72},"end":{"line":157,"column":null}},"line":154},"4":{"name":"(anonymous_4)","decl":{"start":{"line":159,"column":16},"end":{"line":159,"column":null}},"loc":{"start":{"line":162,"column":19},"end":{"line":194,"column":null}},"line":162}},"branchMap":{"0":{"loc":{"start":{"line":45,"column":6},"end":{"line":51,"column":null}},"type":"if","locations":[{"start":{"line":45,"column":6},"end":{"line":51,"column":null}},{"start":{},"end":{}}],"line":45},"1":{"loc":{"start":{"line":60,"column":6},"end":{"line":66,"column":null}},"type":"if","locations":[{"start":{"line":60,"column":6},"end":{"line":66,"column":null}},{"start":{},"end":{}}],"line":60},"2":{"loc":{"start":{"line":69,"column":6},"end":{"line":85,"column":null}},"type":"switch","locations":[{"start":{"line":70,"column":8},"end":{"line":72,"column":null}},{"start":{"line":74,"column":8},"end":{"line":74,"column":null}},{"start":{"line":75,"column":8},"end":{"line":77,"column":null}},{"start":{"line":79,"column":8},"end":{"line":81,"column":null}},{"start":{"line":83,"column":8},"end":{"line":84,"column":null}}],"line":69},"3":{"loc":{"start":{"line":97,"column":15},"end":{"line":97,"column":null}},"type":"cond-expr","locations":[{"start":{"line":97,"column":40},"end":{"line":97,"column":56}},{"start":{"line":97,"column":56},"end":{"line":97,"column":null}}],"line":97},"4":{"loc":{"start":{"line":112,"column":4},"end":{"line":115,"column":null}},"type":"if","locations":[{"start":{"line":112,"column":4},"end":{"line":115,"column":null}},{"start":{},"end":{}}],"line":112},"5":{"loc":{"start":{"line":123,"column":4},"end":{"line":126,"column":null}},"type":"if","locations":[{"start":{"line":123,"column":4},"end":{"line":126,"column":null}},{"start":{},"end":{}}],"line":123},"6":{"loc":{"start":{"line":129,"column":20},"end":{"line":129,"column":null}},"type":"binary-expr","locations":[{"start":{"line":129,"column":20},"end":{"line":129,"column":37}},{"start":{"line":129,"column":37},"end":{"line":129,"column":null}}],"line":129},"7":{"loc":{"start":{"line":130,"column":19},"end":{"line":130,"column":null}},"type":"binary-expr","locations":[{"start":{"line":130,"column":19},"end":{"line":130,"column":35}},{"start":{"line":130,"column":35},"end":{"line":130,"column":null}}],"line":130},"8":{"loc":{"start":{"line":141,"column":23},"end":{"line":141,"column":null}},"type":"binary-expr","locations":[{"start":{"line":141,"column":23},"end":{"line":141,"column":39}},{"start":{"line":141,"column":39},"end":{"line":141,"column":74}},{"start":{"line":141,"column":74},"end":{"line":141,"column":null}}],"line":141},"9":{"loc":{"start":{"line":142,"column":19},"end":{"line":142,"column":null}},"type":"binary-expr","locations":[{"start":{"line":142,"column":19},"end":{"line":142,"column":37}},{"start":{"line":142,"column":37},"end":{"line":142,"column":null}}],"line":142},"10":{"loc":{"start":{"line":169,"column":4},"end":{"line":172,"column":null}},"type":"if","locations":[{"start":{"line":169,"column":4},"end":{"line":172,"column":null}},{"start":{},"end":{}}],"line":169},"11":{"loc":{"start":{"line":180,"column":4},"end":{"line":183,"column":null}},"type":"if","locations":[{"start":{"line":180,"column":4},"end":{"line":183,"column":null}},{"start":{},"end":{}}],"line":180}},"s":{"0":14,"1":14,"2":14,"3":14,"4":14,"5":28,"6":14,"7":14,"8":14,"9":1,"10":13,"11":12,"12":1,"13":11,"14":6,"15":5,"16":2,"17":2,"18":3,"19":3,"20":0,"21":10,"22":2,"23":2,"24":6,"25":5,"26":1,"27":1,"28":4,"29":4,"30":1,"31":1,"32":3,"33":6,"34":6,"35":3,"36":3,"37":2,"38":2,"39":3,"40":3,"41":1,"42":1,"43":2,"44":2,"45":1,"46":1,"47":1,"48":1},"f":{"0":14,"1":14,"2":6,"3":2,"4":3},"b":{"0":[1,13],"1":[1,11],"2":[11,1,2,3,0],"3":[2,0],"4":[1,4],"5":[1,3],"6":[3,0],"7":[6,0],"8":[6,0,0],"9":[6,0],"10":[1,2],"11":[1,1]},"meta":{"lastBranch":12,"lastFunction":5,"lastStatement":49,"seen":{"s:28:51:28:Infinity":0,"f:30:2:30:Infinity":0,"s:31:12:31:Infinity":1,"s:32:12:32:Infinity":2,"s:33:12:33:Infinity":3,"s:36:4:38:Infinity":4,"s:37:6:37:Infinity":5,"f:41:8:41:16":1,"s:42:4:99:Infinity":6,"s:44:22:44:Infinity":7,"b:45:6:51:Infinity:undefined:undefined:undefined:undefined":0,"s:45:6:51:Infinity":8,"s:46:8:50:Infinity":9,"s:54:20:58:Infinity":10,"b:60:6:66:Infinity:undefined:undefined:undefined:undefined":1,"s:60:6:66:Infinity":11,"s:61:8:65:Infinity":12,"b:70:8:72:Infinity:74:8:74:Infinity:75:8:77:Infinity:79:8:81:Infinity:83:8:84:Infinity":2,"s:69:6:85:Infinity":13,"s:71:10:71:Infinity":14,"s:72:10:72:Infinity":15,"s:76:10:76:Infinity":16,"s:77:10:77:Infinity":17,"s:80:10:80:Infinity":18,"s:81:10:81:Infinity":19,"s:84:10:84:Infinity":20,"s:87:6:91:Infinity":21,"s:93:6:93:Infinity":22,"s:94:6:98:Infinity":23,"b:97:40:97:56:97:56:97:Infinity":3,"f:102:16:102:Infinity":2,"s:107:23:110:Infinity":24,"b:112:4:115:Infinity:undefined:undefined:undefined:undefined":4,"s:112:4:115:Infinity":25,"s:113:6:113:Infinity":26,"s:114:6:114:Infinity":27,"s:118:22:121:Infinity":28,"b:123:4:126:Infinity:undefined:undefined:undefined:undefined":5,"s:123:4:126:Infinity":29,"s:124:6:124:Infinity":30,"s:125:6:125:Infinity":31,"s:129:20:129:Infinity":32,"b:129:20:129:37:129:37:129:Infinity":6,"s:130:19:130:Infinity":33,"b:130:19:130:35:130:35:130:Infinity":7,"s:133:19:144:Infinity":34,"b:141:23:141:39:141:39:141:74:141:74:141:Infinity":8,"b:142:19:142:37:142:37:142:Infinity":9,"s:147:4:147:Infinity":35,"s:149:4:151:Infinity":36,"f:154:16:154:36":3,"s:155:4:155:Infinity":37,"s:156:4:156:Infinity":38,"f:159:16:159:Infinity":4,"s:164:27:167:Infinity":39,"b:169:4:172:Infinity:undefined:undefined:undefined:undefined":10,"s:169:4:172:Infinity":40,"s:170:6:170:Infinity":41,"s:171:6:171:Infinity":42,"s:175:23:178:Infinity":43,"b:180:4:183:Infinity:undefined:undefined:undefined:undefined":11,"s:180:4:183:Infinity":44,"s:181:6:181:Infinity":45,"s:182:6:182:Infinity":46,"s:186:4:191:Infinity":47,"s:193:4:193:Infinity":48}}}
,"/Users/louisegriffin/Development/MysticOracle/server/src/application/use-cases/payments/index.ts": {"path":"/Users/louisegriffin/Development/MysticOracle/server/src/application/use-cases/payments/index.ts","statementMap":{},"fnMap":{},"branchMap":{},"s":{},"f":{},"b":{},"meta":{"lastBranch":0,"lastFunction":0,"lastStatement":0,"seen":{}}}
[...]
a":{"lastBranch":16,"lastFunction":7,"lastStatement":50,"seen":{"s:9:15:9:Infinity":0,"b:11:0:13:Infinity:undefined:undefined:undefined:undefined":0,"s:11:0:13:Infinity":1,"s:12:2:12:Infinity":2,"s:16:25:16:Infinity":3,"s:17:20:17:Infinity":4,"b:20:0:23:Infinity:undefined:undefined:undefined:undefined":1,"s:20:0:23:Infinity":5,"s:21:2:21:Infinity":6,"s:22:2:22:Infinity":7,"s:30:21:66:Infinity":8,"f:30:21:30:22":0,"s:30:72:66:Infinity":9,"b:30:63:30:72":2,"b:61:38:61:113:61:113:61:177":3,"b:65:38:65:46:65:46:65:51":4,"b:66:121:66:137:66:137:66:152":5,"s:78:18:253:Infinity":10,"f:270:22:270:32":1,"s:271:2:297:Infinity":11,"s:272:26:272:Infinity":12,"s:274:4:277:Infinity":13,"s:279:4:282:Infinity":14,"b:281:12:281:30:281:30:281:Infinity":6,"s:284:4:284:Infinity":15,"s:285:4:285:Infinity":16,"b:287:4:289:Infinity:undefined:undefined:undefined:undefined":7,"s:287:4:289:Infinity":17,"s:288:6:288:Infinity":18,"s:291:4:291:Infinity":19,"s:292:4:292:Infinity":20,"s:293:4:293:Infinity":21,"s:295:4:295:Infinity":22,"s:296:4:296:Infinity":23,"f:303:22:303:Infinity":2,"b:306:26:306:Infinity":8,"s:308:19:308:Infinity":24,"s:310:2:320:Infinity":25,"b:317:15:317:43:317:43:317:Infinity":9,"f:326:22:326:Infinity":3,"b:332:26:332:Infinity":10,"s:334:19:334:Infinity":26,"s:336:2:348:Infinity":27,"b:346:15:346:43:346:43:346:Infinity":11,"f:358:22:358:Infinity":4,"s:366:2:383:Infinity":28,"s:367:20:367:Infinity":29,"s:368:4:368:Infinity":30,"s:369:4:369:Infinity":31,"b:369:25:369:39:369:39:369:Infinity":12,"b:371:4:373:Infinity:undefined:undefined:undefined:undefined":13,"s:371:4:373:Infinity":32,"b:371:8:371:19:371:19:371:39":14,"s:372:6:372:Infinity":33,"s:375:4:375:Infinity":34,"s:377:4:377:Infinity":35,"s:378:4:378:Infinity":36,"s:379:4:379:Infinity":37,"s:381:4:381:Infinity":38,"s:382:4:382:Infinity":39,"f:389:22:389:Infinity":5,"b:391:26:391:Infinity":15,"s:394:29:394:Infinity":40,"s:396:2:400:Infinity":41,"f:406:22:406:41":6,"s:407:2:417:Infinity":42,"s:408:26:408:Infinity":43,"s:409:4:409:Infinity":44,"s:411:4:411:Infinity":45,"s:412:4:412:Infinity":46,"s:413:4:413:Infinity":47,"s:415:4:415:Infinity":48,"s:416:4:416:Infinity":49}}}
,"/Users/louisegriffin/Development/MysticOracle/server/src/shared/constants/admin.ts": {"path":"/Users/louisegriffin/Development/MysticOracle/server/src/shared/constants/admin.ts","statementMap":{"0":{"start":{"line":39,"column":50},"end":{"line":95,"column":null}},"1":{"start":{"line":100,"column":63},"end":{"line":128,"column":null}},"2":{"start":{"line":133,"column":52},"end":{"line":152,"column":null}}},"fnMap":{},"branchMap":{},"s":{"0":0,"1":0,"2":0},"f":{},"b":{},"meta":{"lastBranch":0,"lastFunction":0,"lastStatement":3,"seen":{"s:39:50:95:Infinity":0,"s:100:63:128:Infinity":1,"s:133:52:152:Infinity":2}}}
,"/Users/louisegriffin/Development/MysticOracle/server/src/shared/constants/index.ts": {"path":"/Users/louisegriffin/Development/MysticOracle/server/src/shared/constants/index.ts","statementMap":{},"fnMap":{},"branchMap":{},"s":{},"f":{},"b":{},"meta":{"lastBranch":0,"lastFunction":0,"lastStatement":0,"seen":{}}}
,"/Users/louisegriffin/Development/MysticOracle/server/src/shared/di/container.ts": {"path":"/Users/louisegriffin/Development/MysticOracle/server/src/shared/di/container.ts","statementMap":{"0":{"start":{"line":85,"column":8},"end":{"line":87,"column":null}},"1":{"start":{"line":90,"column":2},"end":{"line":99,"column":null}},"2":{"start":{"line":102,"column":2},"end":{"line":104,"column":null}},"3":{"start":{"line":107,"column":2},"end":{"line":115,"column":null}},"4":{"start":{"line":118,"column":2},"end":{"line":125,"column":null}},"5":{"start":{"line":128,"column":2},"end":{"line":154,"column":null}},"6":{"start":{"line":130,"column":6},"end":{"line":130,"column":null}},"7":{"start":{"line":134,"column":6},"end":{"line":134,"column":null}},"8":{"start":{"line":139,"column":8},"end":{"line":144,"column":null}},"9":{"start":{"line":151,"column":8},"end":{"line":151,"column":null}},"10":{"start":{"line":157,"column":2},"end":{"line":163,"column":null}},"11":{"start":{"line":166,"column":2},"end":{"line":170,"column":null}},"12":{"start":{"line":173,"column":2},"end":{"line":198,"column":null}},"13":{"start":{"line":201,"column":2},"end":{"line":204,"column":null}},"14":{"start":{"line":206,"column":2},"end":{"line":206,"column":null}},"15":{"start":{"line":210,"column":71},"end":{"line":210,"column":null}},"16":{"start":{"line":213,"column":2},"end":{"line":215,"column":null}},"17":{"start":{"line":214,"column":4},"end":{"line":214,"column":null}},"18":{"start":{"line":216,"column":2},"end":{"line":216,"column":null}},"19":{"start":{"line":221,"column":2},"end":{"line":221,"column":null}}},"fnMap":{"0":{"name":"createAppContainer","decl":{"start":{"line":84,"column":16},"end":{"line":84,"column":77}},"loc":{"start":{"line":84,"column":77},"end":{"line":207,"column":null}},"line":84},"1":{"name":"(anonymous_1)","decl":{"start":{"line":129,"column":30},"end":{"line":129,"column":31}},"loc":{"start":{"line":129,"column":76},"end":{"line":131,"column":5}},"line":129},"2":{"name":"(anonymous_2)","decl":{"start":{"line":133,"column":34},"end":{"line":133,"column":35}},"loc":{"start":{"line":133,"column":80},"end":{"line":135,"column":5}},"line":133},"3":{"name":"(anonymous_3)","decl":{"start":{"line":138,"column":6},"end":{"line":138,"column":7}},"loc":{"start":{"line":138,"column":81},"end":{"line":145,"column":null}},"line":138},"4":{"name":"(anonymous_4)","decl":{"start":{"line":150,"column":6},"end":{"line":150,"column":7}},"loc":{"start":{"line":150,"column":63},"end":{"line":152,"column":null}},"line":150},"5":{"name":"getContainer","decl":{"start":{"line":212,"column":16},"end":{"line":212,"column":71}},"loc":{"start":{"line":212,"column":71},"end":{"line":217,"column":null}},"line":212},"6":{"name":"resetContainer","decl":{"start":{"line":220,"column":16},"end":{"line":220,"column":39}},"loc":{"start":{"line":220,"column":39},"end":{"line":222,"column":null}},"line":220}},"branchMap":{"0":{"loc":{"start":{"line":92,"column":25},"end":{"line":92,"column":76}},"type":"binary-expr","locations":[{"start":{"line":92,"column":25},"end":{"line":92,"column":53}},{"start":{"line":92,"column":53},"end":{"line":92,"column":76}}],"line":92},"1":{"loc":{"start":{"line":213,"column":2},"end":{"line":215,"column":null}},"type":"if","locations":[{"start":{"line":213,"column":2},"end":{"line":215,"column":null}},{"start":{},"end":{}}],"line":213}},"s":{"0":0,"1":0,"2":0,"3":0,"4":0,"5":0,"6":0,"7":0,"8":0,"9":0,"10":0,"11":0,"12":0,"13":0,"14":0,"15":0,"16":0,"17":0,"18":0,"19":0},"f":{"0":0,"1":0,"2":0,"3":0,"4":0,"5":0,"6":0},"b":{"0":[0,0],"1":[0,0]},"meta":{"lastBranch":2,"lastFunction":7,"lastStatement":20,"seen":{"f:84:16:84:77":0,"s:85:8:87:Infinity":0,"s:90:2:99:Infinity":1,"b:92:25:92:53:92:53:92:76":0,"s:102:2:104:Infinity":2,"s:107:2:115:Infinity":3,"s:118:2:125:Infinity":4,"s:128:2:154:Infinity":5,"f:129:30:129:31":1,"s:130:6:130:Infinity":6,"f:133:34:133:35":2,"s:134:6:134:Infinity":7,"f:138:6:138:7":3,"s:139:8:144:Infinity":8,"f:150:6:150:7":4,"s:151:8:151:Infinity":9,"s:157:2:163:Infinity":10,"s:166:2:170:Infinity":11,"s:173:2:198:Infinity":12,"s:201:2:204:Infinity":13,"s:206:2:206:Infinity":14,"s:210:71:210:Infinity":15,"f:212:16:212:71":5,"b:213:2:215:Infinity:undefined:undefined:undefined:undefined":1,"s:213:2:215:Infinity":16,"s:214:4:214:Infinity":17,"s:216:2:216:Infinity":18,"f:220:16:220:39":6,"s:221:2:221:Infinity":19}}}
,"/Users/louisegriffin/Development/MysticOracle/server/src/shared/di/index.ts": {"path":"/Users/louisegriffin/Development/MysticOracle/server/src/shared/di/index.ts","statementMap":{},"fnMap":{},"branchMap":{},"s":{},"f":{},"b":{},"meta":{"lastBranch":0,"lastFunction":0,"lastStatement":0,"seen":{}}}
,"/Users/louisegriffin/Development/MysticOracle/server/src/shared/di/types.ts": {"path":"/Users/louisegriffin/Development/MysticOracle/server/src/shared/di/types.ts","statementMap":{},"fnMap":{},"branchMap":{},"s":{},"f":{},"b":{},"meta":{"lastBranch":0,"lastFunction":0,"lastStatement":0,"seen":{}}}
,"/Users/louisegriffin/Development/MysticOracle/server/src/shared/errors/ApplicationError.ts": {"path":"/Users/louisegriffin/Development/MysticOracle/server/src/shared/errors/ApplicationError.ts","statementMap":{"0":{"start":{"line":27,"column":4},"end":{"line":27,"column":null}},"1":{"start":{"line":28,"column":4},"end":{"line":28,"column":null}},"2":{"start":{"line":29,"column":4},"end":{"line":29,"column":null}},"3":{"start":{"line":30,"column":4},"end":{"line":30,"column":null}},"4":{"start":{"line":31,"column":4},"end":{"line":31,"column":null}},"5":{"start":{"line":32,"column":4},"end":{"line":32,"column":null}},"6":{"start":{"line":33,"column":4},"end":{"line":33,"column":null}},"7":{"start":{"line":36,"column":4},"end":{"line":36,"column":null}},"8":{"start":{"line":40,"column":4},"end":{"line":47,"column":null}},"9":{"start":{"line":56,"column":4},"end":{"line":56,"column":null}},"10":{"start":{"line":65,"column":4},"end":{"line":70,"column":null}},"11":{"start":{"line":79,"column":4},"end":{"line":79,"column":null}},"12":{"start":{"line":88,"column":4},"end":{"line":88,"column":null}},"13":{"start":{"line":97,"column":4},"end":{"line":102,"column":null}},"14":{"start":{"line":115,"column":4},"end":{"line":120,"column":null}},"15":{"start":{"line":137,"column":4},"end":{"line":142,"column":null}},"16":{"start":{"line":143,"column":4},"end":{"line":143,"column":null}},"17":{"start":{"line":144,"column":4},"end":{"line":144,"column":null}},"18":{"start":{"line":152,"column":36},"end":{"line":152,"column":null}},"19":{"start":{"line":156,"column":4},"end":{"line":161,"column":null}},"20":{"start":{"line":162,"column":4},"end":{"line":162,"column":null}},"21":{"start":{"line":171,"column":4},"end":{"line":176,"column":null}},"22":{"start":{"line":185,"column":4},"end":{"line":185,"column":null}},"23":{"start":{"line":194,"column":4},"end":{"line":199,"column":null}},"24":{"start":{"line":207,"column":2},"end":{"line":207,"column":null}},"25":{"start":{"line":214,"column":2},"end":{"line":216,"column":null}},"26":{"start":{"line":215,"column":4},"end":{"line":215,"column":null}},"27":{"start":{"line":218,"column":18},"end":{"line":220,"column":null}},"28":{"start":{"line":222,"column":2},"end":{"line":228,"column":null}}},"fnMap":{"0":{"name":"(anonymous_0)","decl":{"start":{"line":20,"column":2},"end":{"line":20,"column":null}},"loc":{"start":{"line":26,"column":4},"end":{"line":37,"column":null}},"line":26},"1":{"name":"(anonymous_1)","decl":{"start":{"line":39,"column":2},"end":{"line":39,"column":11}},"loc":{"start":{"line":39,"column":11},"end":{"line":48,"column":null}},"line":39},"2":{"name":"(anonymous_2)","decl":{"start":{"line":55,"column":2},"end":{"line":55,"column":14}},"loc":{"start":{"line":55,"column":59},"end":{"line":57,"column":null}},"line":55},"3":{"name":"(anonymous_3)","decl":{"start":{"line":64,"column":2},"end":{"line":64,"column":14}},"loc":{"start":{"line":64,"column":45},"end":{"line":71,"column":null}},"line":64},"4":{"name":"(anonymous_4)","decl":{"start":{"line":78,"column":2},"end":{"line":78,"column":14}},"loc":{"start":{"line":78,"column":59},"end":{"line":80,"column":null}},"line":78},"5":{"name":"(anonymous_5)","decl":{"start":{"line":87,"column":2},"end":{"line":87,"column":14}},"loc":{"start":{"line":87,"column":53},"end":{"line":89,"column":null}},"line":87},"6":{"name":"(anonymous_6)","decl":{"start":{"line":96,"column":2},"end":{"line":96,"column":14}},"loc":{"start":{"line":96,"column":51},"end":{"line":103,"column":null}},"line":96},"7":{"name":"(anonymous_7)","decl":{"start":{"line":110,"column":2},"end":{"line":110,"column":null}},"loc":{"start":{"line":114,"column":4},"end":{"line":121,"column":null}},"line":114},"8":{"name":"(anonymous_8)","decl":{"start":{"line":131,"column":2},"end":{"line":131,"column":null}},"loc":{"start":{"line":136,"column":4},"end":{"line":145,"column":null}},"line":136},"9":{"name":"(anonymous_9)","decl":{"start":{"line":155,"column":2},"end":{"line":155,"column":14}},"loc":{"start":{"line":155,"column":82},"end":{"line":163,"column":null}},"line":155},"10":{"name":"(anonymous_10)","decl":{"start":{"line":170,"column":2},"end":{"line":170,"column":14}},"loc":{"start":{"line":170,"column":35},"end":{"line":177,"column":null}},"line":170},"11":{"name":"(anonymous_11)","decl":{"start":{"line":184,"column":2},"end":{"line":184,"column":14}},"loc":{"start":{"line":184,"column":59},"end":{"line":186,"column":null}},"line":184},"12":{"name":"(anonymous_12)","decl":{"start":{"line":193,"column":2},"end":{"line":193,"column":14}},"loc":{"start":{"line":193,"column":67},"end":{"line":200,"column":null}},"line":193},"13":{"name":"isOperationalError","decl":{"start":{"line":206,"column":16},"end":{"line":206,"column":35}},"loc":{"start":{"line":206,"column":78},"end":{"line":208,"column":null}},"line":206},"14":{"name":"wrapError","decl":{"start":{"line":213,"column":16},"end":{"line":213,"column":26}},"loc":{"start":{"line":213,"column":78},"end":{"line":229,"column":null}},"line":213}},"branchMap":{"0":{"loc":{"start":{"line":22,"column":4},"end":{"line":22,"column":null}},"type":"default-arg","locations":[{"start":{"line":22,"column":19},"end":{"line":22,"column":null}}],"line":22},"1":{"loc":{"start":{"line":23,"column":4},"end":{"line":23,"column":null}},"type":"default-arg","locations":[{"start":{"line":23,"column":25},"end":{"line":23,"column":null}}],"line":23},"2":{"loc":{"start":{"line":24,"column":4},"end":{"line":24,"column":null}},"type":"default-arg","locations":[{"start":{"line":24,"column":28},"end":{"line":24,"column":null}}],"line":24},"3":{"loc":{"start":{"line":25,"column":4},"end":{"line":25,"column":null}},"type":"default-arg","locations":[{"start":{"line":25,"column":29},"end":{"line":25,"column":null}}],"line":25},"4":{"loc":{"start":{"line":55,"column":31},"end":{"line":55,"column":59}},"type":"default-arg","locations":[{"start":{"line":55,"column":55},"end":{"line":55,"column":59}}],"line":55},"5":{"loc":{"start":{"line":69,"column":22},"end":{"line":69,"column":36}},"type":"binary-expr","locations":[{"start":{"line":69,"column":22},"end":{"line":69,"column":28}},{"start":{"line":69,"column":28},"end":{"line":69,"column":36}}],"line":69},"6":{"loc":{"start":{"line":78,"column":14},"end":{"line":78,"column":59}},"type":"default-arg","locations":[{"start":{"line":78,"column":32},"end":{"line":78,"column":59}}],"line":78},"7":{"loc":{"start":{"line":87,"column":14},"end":{"line":87,"column":53}},"type":"default-arg","locations":[{"start":{"line":87,"column":32},"end":{"line":87,"column":53}}],"line":87},"8":{"loc":{"start":{"line":113,"column":4},"end":{"line":113,"column":null}},"type":"default-arg","locations":[{"start":{"line":113,"column":28},"end":{"line":113,"column":null}}],"line":113},"9":{"loc":{"start":{"line":135,"column":4},"end":{"line":135,"column":null}},"type":"default-arg","locations":[{"start":{"line":135,"column":28},"end":{"line":135,"column":null}}],"line":135},"10":{"loc":{"start":{"line":155,"column":54},"end":{"line":155,"column":82}},"type":"default-arg","locations":[{"start":{"line":155,"column":78},"end":{"line":155,"column":82}}],"line":155},"11":{"loc":{"start":{"line":175,"column":6},"end":{"line":175,"column":null}},"type":"cond-expr","locations":[{"start":{"line":175,"column":19},"end":{"line":175,"column":36}},{"start":{"line":175,"column":36},"end":{"line":175,"column":null}}],"line":175},"12":{"loc":{"start":{"line":184,"column":31},"end":{"line":184,"column":59}},"type":"default-arg","locations":[{"start":{"line":184,"column":55},"end":{"line":184,"column":59}}],"line":184},"13":{"loc":{"start":{"line":198,"column":28},"end":{"line":198,"column":74}},"type":"binary-expr","locations":[{"start":{"line":198,"column":28},"end":{"line":198,"column":50}},{"start":{"line":198,"column":50},"end":{"line":198,"column":74}}],"line":198},"14":{"loc":{"start":{"line":207,"column":9},"end":{"line":207,"column":null}},"type":"binary-expr","locations":[{"start":{"line":207,"column":9},"end":{"line":207,"column":46}},{"start":{"line":207,"column":46},"end":{"line":207,"column":null}}],"line":207},"15":{"loc":{"start":{"line":214,"column":2},"end":{"line":216,"column":null}},"type":"if","locations":[{"start":{"line":214,"column":2},"end":{"line":216,"column":null}},{"start":{},"end":{}}],"line":214},"16":{"loc":{"start":{"line":218,"column":18},"end":{"line":220,"column":null}},"type":"cond-expr","locations":[{"start":{"line":219,"column":6},"end":{"line":219,"column":null}},{"start":{"line":220,"column":6},"end":{"line":220,"column":null}}],"line":218},"17":{"loc":{"start":{"line":223,"column":4},"end":{"line":223,"column":null}},"type":"cond-expr","locations":[{"start":{"line":223,"column":14},"end":{"line":223,"column":41}},{"start":{"line":223,"column":41},"end":{"line":223,"column":null}}],"line":223},"18":{"loc":{"start":{"line":226,"column":21},"end":{"line":226,"column":72}},"type":"cond-expr","locations":[{"start":{"line":226,"column":46},"end":{"line":226,"column":59}},{"start":{"line":226,"column":59},"end":{"line":226,"column":72}}],"line":226}},"s":{"0":0,"1":0,"2":0,"3":0,"4":0,"5":0,"6":0,"7":0,"8":0,"9":0,"10":0,"11":0,"12":0,"13":0,"14":0,"15":0,"16":0,"17":0,"18":0,"19":0,"20":0,"21":0,"22":0,"23":0,"24":0,"25":0,"26":0,"27":0,"28":0},"f":{"0":0,"1":0,"2":0,"3":0,"4":0,"5":0,"6":0,"7":0,"8":0,"9":0,"10":0,"11":0,"12":0,"13":0,"14":0},"b":{"0":[0],"1":[0],"2":[0],"3":[0],"4":[0],"5":[0,0],"6":[0],"7":[0],"8":[0],"9":[0],"10":[0],"11":[0,0],"12":[0],"13":[0,0],"14":[0,0],"15":[0,0],"16":[0,0],"17":[0,0],"18":[0,0]},"meta":{"lastBranch":19,"lastFunction":15,"lastStatement":29,"seen":{"f:20:2:20:Infinity":0,"b:22:19:22:Infinity":0,"b:23:25:23:Infinity":1,"b:24:28:24:Infinity":2,"b:25:29:25:Infinity":3,"s:27:4:27:Infinity":0,"s:28:4:28:Infinity":1,"s:29:4:29:Infinity":2,"s:30:4:30:Infinity":3,"s:31:4:31:Infinity":4,"s:32:4:32:Infinity":5,"s:33:4:33:Infinity":6,"s:36:4:36:Infinity":7,"f:39:2:39:11":1,"s:40:4:47:Infinity":8,"f:55:2:55:14":2,"b:55:55:55:59":4,"s:56:4:56:Infinity":9,"f:64:2:64:14":3,"s:65:4:70:Infinity":10,"b:69:22:69:28:69:28:69:36":5,"f:78:2:78:14":4,"b:78:32:78:59":6,"s:79:4:79:Infinity":11,"f:87:2:87:14":5,"b:87:32:87:53":7,"s:88:4:88:Infinity":12,"f:96:2:96:14":6,"s:97:4:102:Infinity":13,"f:110:2:110:Infinity":7,"b:113:28:113:Infinity":8,"s:115:4:120:Infinity":14,"f:131:2:131:Infinity":8,"b:135:28:135:Infinity":9,"s:137:4:142:Infinity":15,"s:143:4:143:Infinity":16,"s:144:4:144:Infinity":17,"s:152:36:152:Infinity":18,"f:155:2:155:14":9,"b:155:78:155:82":10,"s:156:4:161:Infinity":19,"s:162:4:162:Infinity":20,"f:170:2:170:14":10,"s:171:4:176:Infinity":21,"b:175:19:175:36:175:36:175:Infinity":11,"f:184:2:184:14":11,"b:184:55:184:59":12,"s:185:4:185:Infinity":22,"f:193:2:193:14":12,"s:194:4:199:Infinity":23,"b:198:28:198:50:198:50:198:74":13,"f:206:16:206:35":13,"s:207:2:207:Infinity":24,"b:207:9:207:46:207:46:207:Infinity":14,"f:213:16:213:26":14,"b:214:2:216:Infinity:undefined:undefined:undefined:undefined":15,"s:214:2:216:Infinity":25,"s:215:4:215:Infinity":26,"s:218:18:220:Infinity":27,"b:219:6:219:Infinity:220:6:220:Infinity":16,"s:222:2:228:Infinity":28,"b:223:14:223:41:223:41:223:Infinity":17,"b:226:46:226:59:226:59:226:72":18}}}
,"/Users/louisegriffin/Development/MysticOracle/server/src/shared/errors/index.ts": {"path":"/Users/louisegriffin/Development/MysticOracle/server/src/shared/errors/index.ts","statementMap":{},"fnMap":{},"branchMap":{},"s":{},"f":{},"b":{},"meta":{"lastBranch":0,"lastFunction":0,"lastStatement":0,"seen":{}}}
,"/Users/louisegriffin/Development/MysticOracle/server/src/types/express.d.ts": {"path":"/Users/louisegriffin/Development/MysticOracle/server/src/types/express.d.ts","statementMap":{},"fnMap":{},"branchMap":{},"s":{},"f":{},"b":{},"meta":{"lastBranch":0,"lastFunction":0,"lastStatement":0,"seen":{}}}
}
